2019-07-08, 获取到当前账号：weibo@zplay.cn的数据条数为：1

2019-07-08, 删除当前账号：weibo@zplay.cn的数据条数：0

2019-07-08, 获取到当前账号：weibo@zplay.cn的数据条数为：13

2019-07-08, 删除当前账号：weibo@zplay.cn的数据条数：0

2019-07-08, 获取到当前账号：weibo@zplay.cn的数据条数为：1

2019-07-08, 删除当前账号：weibo@zplay.cn的数据条数：0

2019-07-08, 获取到当前账号：weibo@zplay.cn的数据条数为：1

2019-07-08, 删除当前账号：weibo@zplay.cn的数据条数：0

2019-07-08, 获取到当前账号：weibo@zplay.cn的数据条数为：1

2019-07-08, 删除当前账号：weibo@zplay.cn的数据条数：0

2019-07-08, 获取到当前账号：weibo@zplay.cn的数据条数为：1

2019-07-08, 删除当前账号：weibo@zplay.cn的数据条数：0

2019-07-08, 获取到当前账号：weibo@zplay.cn的数据条数为：1

2019-07-08, 删除当前账号：weibo@zplay.cn的数据条数：0

2019-07-08, 获取到当前账号：weibo@zplay.cn的数据条数为：1

2019-07-08, 删除当前账号：weibo@zplay.cn的数据条数：0

2019-07-08, 获取到当前账号：weibo@zplay.cn的数据条数为：1

2019-07-08, 删除当前账号：weibo@zplay.cn的数据条数：0

2019-07-08, 获取到当前账号：weibo@zplay.cn的数据条数为：1

2019-07-08, 删除当前账号：weibo@zplay.cn的数据条数：0

2019-07-08, 获取到当前账号：weibo@zplay.cn的数据条数为：3

2019-07-08, 删除当前账号：weibo@zplay.cn的数据条数：0

2019-07-08, 获取到当前账号：weibo@zplay.cn的数据条数为：1

2019-07-08, 删除当前账号：weibo@zplay.cn的数据条数：0

2019-07-08, 获取到当前账号：weibo@zplay.cn的数据条数为：1

2019-07-08, 删除当前账号：weibo@zplay.cn的数据条数：0

2019-07-08, 获取到当前账号：weibo@zplay.cn的数据条数为：1

2019-07-08, 删除当前账号：weibo@zplay.cn的数据条数：0

2019-07-08, 获取到当前账号：weibo@zplay.cn的数据条数为：1

2019-07-08, 删除当前账号：weibo@zplay.cn的数据条数：0

2019-07-08, 获取到当前账号：weibo@zplay.cn的数据条数为：9

2019-07-08, 删除当前账号：weibo@zplay.cn的数据条数：0

2019-07-08, 获取到当前账号：weibo@zplay.cn的数据条数为：5

2019-07-08, 删除当前账号：weibo@zplay.cn的数据条数：0

2019-07-08, 获取到当前账号：weibo@zplay.cn的数据条数为：1

2019-07-08, 删除当前账号：weibo@zplay.cn的数据条数：0

2019-07-08, 获取到当前账号：weibo@zplay.cn的数据条数为：219

2019-07-08, 删除当前账号：weibo@zplay.cn的数据条数：0

2019-07-08, 获取到当前账号：weibo@zplay.cn的数据条数为：325

2019-07-08, 删除当前账号：weibo@zplay.cn的数据条数：0

2019-07-08, 获取到当前账号：weibo@zplay.cn的数据条数为：13

2019-07-08, 删除当前账号：weibo@zplay.cn的数据条数：0

2019-07-08, 获取到当前账号：weibo@zplay.cn的数据条数为：26

2019-07-08, 删除当前账号：weibo@zplay.cn的数据条数：0

2019-07-08, 获取到当前账号：weibo@zplay.cn的数据条数为：155

2019-07-08, 删除当前账号：weibo@zplay.cn的数据条数：0

2019-07-08, 获取到当前账号：weibo@zplay.cn的数据条数为：1

2019-07-08, 删除当前账号：weibo@zplay.cn的数据条数：0

2019-07-08, 获取到当前账号：weibo@zplay.cn的数据条数为：29

2019-07-08, 删除当前账号：weibo@zplay.cn的数据条数：0

2019-07-08, 获取到当前账号：weibo@zplay.cn的数据条数为：1

2019-07-08, 删除当前账号：weibo@zplay.cn的数据条数：0

2019-07-08, 获取到当前账号：weibo@zplay.cn的数据条数为：1

2019-07-08, 删除当前账号：weibo@zplay.cn的数据条数：0

2019-07-08, 获取到当前账号：weibo@zplay.cn的数据条数为：1

2019-07-08, 删除当前账号：weibo@zplay.cn的数据条数：0

2019-07-08, 获取到当前账号：weibo@zplay.cn的数据条数为：1

2019-07-08, 删除当前账号：weibo@zplay.cn的数据条数：0

2019-07-08, 获取到当前账号：weibo@zplay.cn的数据条数为：1

2019-07-08, 删除当前账号：weibo@zplay.cn的数据条数：0

2019-07-08, 获取到当前账号：weibo@zplay.cn的数据条数为：1

2019-07-08, 删除当前账号：weibo@zplay.cn的数据条数：0

2019-07-08, 获取到当前账号：weibo@zplay.cn的数据条数为：4

2019-07-08, 删除当前账号：weibo@zplay.cn的数据条数：0

2019-07-08, 获取到当前账号：weibo@zplay.cn的数据条数为：743

2019-07-08, 删除当前账号：weibo@zplay.cn的数据条数：0

2019-07-08, 获取到当前账号：weibo@zplay.cn的数据条数为：1

2019-07-08, 删除当前账号：weibo@zplay.cn的数据条数：0

2019-07-08, 获取到当前账号：weibo@zplay.cn的数据条数为：4

2019-07-08, 删除当前账号：weibo@zplay.cn的数据条数：0

2019-07-08, 获取到当前账号：weibo@zplay.cn的数据条数为：278

2019-07-08, 删除当前账号：weibo@zplay.cn的数据条数：0

2019-07-08, 获取到当前账号：weibo@zplay.cn的数据条数为：24

2019-07-08, 删除当前账号：weibo@zplay.cn的数据条数：0

2019-07-08, 获取到当前账号：weibo@zplay.cn的数据条数为：11

2019-07-08, 删除当前账号：weibo@zplay.cn的数据条数：0

2019-07-08, 获取到当前账号：weibo@zplay.cn的数据条数为：1

2019-07-08, 删除当前账号：weibo@zplay.cn的数据条数：0

2019-07-08, 获取到当前账号：weibo@zplay.cn的数据条数为：1

2019-07-08, 删除当前账号：weibo@zplay.cn的数据条数：0

2019-07-08, 获取到当前账号：weibo@zplay.cn的数据条数为：1

2019-07-08, 删除当前账号：weibo@zplay.cn的数据条数：0

2019-07-08, 获取到当前账号：weibo@zplay.cn的数据条数为：12

2019-07-08, 删除当前账号：weibo@zplay.cn的数据条数：0

2019-07-08, 获取到当前账号：weibo@zplay.cn的数据条数为：3

2019-07-08, 删除当前账号：weibo@zplay.cn的数据条数：0

2019-07-08, 获取到当前账号：weibo@zplay.cn的数据条数为：3

2019-07-08, 删除当前账号：weibo@zplay.cn的数据条数：0

2019-07-08, 获取到当前账号：weibo@zplay.cn的数据条数为：896

2019-07-08, 删除当前账号：weibo@zplay.cn的数据条数：0

2019-07-08, 获取到当前账号：weibo@zplay.cn的数据条数为：38

2019-07-08, 删除当前账号：weibo@zplay.cn的数据条数：0

2019-07-08, 获取到当前账号：weibo@zplay.cn的数据条数为：16

2019-07-08, 删除当前账号：weibo@zplay.cn的数据条数：0

2019-07-08, 获取到当前账号：weibo@zplay.cn的数据条数为：1

2019-07-08, 删除当前账号：weibo@zplay.cn的数据条数：0

2019-07-08, 获取到当前账号：weibo@zplay.cn的数据条数为：19

2019-07-08, 删除当前账号：weibo@zplay.cn的数据条数：0

2019-07-08, 获取到当前账号：weibo@zplay.cn的数据条数为：1

2019-07-08, 删除当前账号：weibo@zplay.cn的数据条数：0

2019-07-08, 获取到当前账号：weibo@zplay.cn的数据条数为：1

2019-07-08, 删除当前账号：weibo@zplay.cn的数据条数：0

2019-07-08, 获取到当前账号：weibo@zplay.cn的数据条数为：1

2019-07-08, 删除当前账号：weibo@zplay.cn的数据条数：0

2019-07-08, 获取到当前账号：weibo@zplay.cn的数据条数为：1

2019-07-08, 删除当前账号：weibo@zplay.cn的数据条数：0

2019-07-08, 获取到当前账号：weibo@zplay.cn的数据条数为：1

2019-07-08, 删除当前账号：weibo@zplay.cn的数据条数：0

2019-07-08, 获取到当前账号：weibo@zplay.cn的数据条数为：1

2019-07-08, 删除当前账号：weibo@zplay.cn的数据条数：0

2019-07-08, 获取到当前账号：weibo@zplay.cn的数据条数为：1

2019-07-08, 删除当前账号：weibo@zplay.cn的数据条数：0

2019-07-08, 获取到当前账号：weibo@zplay.cn的数据条数为：1

2019-07-08, 删除当前账号：weibo@zplay.cn的数据条数：0

2019-07-08, 获取到当前账号：weibo@zplay.cn的数据条数为：1

2019-07-08, 删除当前账号：weibo@zplay.cn的数据条数：0

2019-07-08, 获取到当前账号：weibo@zplay.cn的数据条数为：1

2019-07-08, 删除当前账号：weibo@zplay.cn的数据条数：0

2019-07-08, 获取到当前账号：weibo@zplay.cn的数据条数为：1

2019-07-08, 删除当前账号：weibo@zplay.cn的数据条数：0

2019-07-08, 获取到当前账号：weibo@zplay.cn的数据条数为：44

2019-07-08, 删除当前账号：weibo@zplay.cn的数据条数：0

2019-07-08, 获取到当前账号：weibo@zplay.cn的数据条数为：20

2019-07-08, 删除当前账号：weibo@zplay.cn的数据条数：0

2019-07-08, 获取到当前账号：weibo@zplay.cn的数据条数为：1

2019-07-08, 删除当前账号：weibo@zplay.cn的数据条数：0

2019-07-08, 获取到当前账号：weibo@zplay.cn的数据条数为：72

2019-07-08, 删除当前账号：weibo@zplay.cn的数据条数：0

2019-07-08, 获取到当前账号：weibo@zplay.cn的数据条数为：1

2019-07-08, 删除当前账号：weibo@zplay.cn的数据条数：0

2019-07-08, 获取到当前账号：noodlecake的数据条数为：1

2019-07-08, 删除当前账号：noodlecake的数据条数：0

2019-05-21, 获取到当前账号：weibo@zplay.cn的数据条数为：12

2019-05-21, 删除当前账号：weibo@zplay.cn的数据条数：0

2019-05-21, 获取到当前账号：weibo@zplay.cn的数据条数为：12

2019-05-21, 删除当前账号：weibo@zplay.cn的数据条数：0

2019-05-21, 获取到当前账号：weibo@zplay.cn的数据条数为：12

2019-05-21, 删除当前账号：weibo@zplay.cn的数据条数：0

2019-05-21, 获取到当前账号：weibo@zplay.cn的数据条数为：12

2019-05-21, 删除当前账号：weibo@zplay.cn的数据条数：0

2019-05-21, 获取到当前账号：weibo@zplay.cn的数据条数为：12

2019-05-21, 删除当前账号：weibo@zplay.cn的数据条数：0

2019-05-21, 获取到当前账号：weibo@zplay.cn的数据条数为：12

2019-05-21, 删除当前账号：weibo@zplay.cn的数据条数：0

2019-05-21, 获取到当前账号：weibo@zplay.cn的数据条数为：12

2019-05-21, 删除当前账号：weibo@zplay.cn的数据条数：0

2019-05-21, 获取到当前账号：weibo@zplay.cn的数据条数为：12

2019-05-21, 删除当前账号：weibo@zplay.cn的数据条数：0

2019-05-21, 获取到当前账号：weibo@zplay.cn的数据条数为：12

2019-05-21, 删除当前账号：weibo@zplay.cn的数据条数：0

2019-05-21, 获取到当前账号：weibo@zplay.cn的数据条数为：12

2019-05-21, 删除当前账号：weibo@zplay.cn的数据条数：0

2019-05-21, 获取到当前账号：weibo@zplay.cn的数据条数为：12

2019-05-21, 删除当前账号：weibo@zplay.cn的数据条数：0

2019-05-21, 获取到当前账号：weibo@zplay.cn的数据条数为：12

2019-05-21, 删除当前账号：weibo@zplay.cn的数据条数：0

2019-05-21, 获取到当前账号：weibo@zplay.cn的数据条数为：12

2019-05-21, 删除当前账号：weibo@zplay.cn的数据条数：0

2019-05-21, 获取到当前账号：weibo@zplay.cn的数据条数为：12

2019-05-21, 删除当前账号：weibo@zplay.cn的数据条数：0

2019-05-21, 获取到当前账号：weibo@zplay.cn的数据条数为：17

2019-05-21, 删除当前账号：weibo@zplay.cn的数据条数：0

2019-05-21, 获取到当前账号：weibo@zplay.cn的数据条数为：12

2019-05-21, 删除当前账号：weibo@zplay.cn的数据条数：0

2019-05-21, 获取到当前账号：weibo@zplay.cn的数据条数为：12

2019-05-21, 删除当前账号：weibo@zplay.cn的数据条数：0

2019-05-21, 获取到当前账号：weibo@zplay.cn的数据条数为：185

2019-05-21, 删除当前账号：weibo@zplay.cn的数据条数：0

2019-05-21, 获取到当前账号：weibo@zplay.cn的数据条数为：1

2019-05-21, 删除当前账号：weibo@zplay.cn的数据条数：0

2019-05-21, 获取到当前账号：weibo@zplay.cn的数据条数为：12

2019-05-21, 删除当前账号：weibo@zplay.cn的数据条数：0

2019-05-21, 获取到当前账号：weibo@zplay.cn的数据条数为：12

2019-05-21, 删除当前账号：weibo@zplay.cn的数据条数：0

2019-05-21, 获取到当前账号：weibo@zplay.cn的数据条数为：12

2019-05-21, 删除当前账号：weibo@zplay.cn的数据条数：0

2019-05-21, 获取到当前账号：weibo@zplay.cn的数据条数为：12

2019-05-21, 删除当前账号：weibo@zplay.cn的数据条数：0

2019-05-21, 获取到当前账号：weibo@zplay.cn的数据条数为：12

2019-05-21, 删除当前账号：weibo@zplay.cn的数据条数：0

2019-05-21, 获取到当前账号：weibo@zplay.cn的数据条数为：2

2019-05-21, 删除当前账号：weibo@zplay.cn的数据条数：0

2019-05-21, 获取到当前账号：weibo@zplay.cn的数据条数为：12

2019-05-21, 删除当前账号：weibo@zplay.cn的数据条数：0

2019-05-21, 获取到当前账号：weibo@zplay.cn的数据条数为：12

2019-05-21, 删除当前账号：weibo@zplay.cn的数据条数：0

2019-05-21, 获取到当前账号：weibo@zplay.cn的数据条数为：12

2019-05-21, 删除当前账号：weibo@zplay.cn的数据条数：0

2019-05-21, 获取到当前账号：weibo@zplay.cn的数据条数为：12

2019-05-21, 删除当前账号：weibo@zplay.cn的数据条数：0

2019-05-21, 获取到当前账号：weibo@zplay.cn的数据条数为：13

2019-05-21, 删除当前账号：weibo@zplay.cn的数据条数：0

2019-05-21, 获取到当前账号：weibo@zplay.cn的数据条数为：12

2019-05-21, 删除当前账号：weibo@zplay.cn的数据条数：0

2019-05-21, 获取到当前账号：weibo@zplay.cn的数据条数为：17

2019-05-21, 删除当前账号：weibo@zplay.cn的数据条数：0

2019-05-21, 获取到当前账号：weibo@zplay.cn的数据条数为：841

2019-05-21, 删除当前账号：weibo@zplay.cn的数据条数：0

2019-05-21, 获取到当前账号：weibo@zplay.cn的数据条数为：41

2019-05-21, 删除当前账号：weibo@zplay.cn的数据条数：0

2019-05-21, 获取到当前账号：weibo@zplay.cn的数据条数为：240

2019-05-21, 删除当前账号：weibo@zplay.cn的数据条数：0

2019-05-21, 获取到当前账号：weibo@zplay.cn的数据条数为：12

2019-05-21, 删除当前账号：weibo@zplay.cn的数据条数：0

2019-05-21, 获取到当前账号：weibo@zplay.cn的数据条数为：12

2019-05-21, 删除当前账号：weibo@zplay.cn的数据条数：0

2019-05-21, 获取到当前账号：weibo@zplay.cn的数据条数为：12

2019-05-21, 删除当前账号：weibo@zplay.cn的数据条数：0

2019-05-21, 获取到当前账号：weibo@zplay.cn的数据条数为：12

2019-05-21, 删除当前账号：weibo@zplay.cn的数据条数：0

2019-05-21, 获取到当前账号：weibo@zplay.cn的数据条数为：12

2019-05-21, 删除当前账号：weibo@zplay.cn的数据条数：0

2019-05-21, 获取到当前账号：weibo@zplay.cn的数据条数为：12

2019-05-21, 删除当前账号：weibo@zplay.cn的数据条数：0

2019-05-21, 获取到当前账号：weibo@zplay.cn的数据条数为：12

2019-05-21, 删除当前账号：weibo@zplay.cn的数据条数：0

2019-05-21, 获取到当前账号：weibo@zplay.cn的数据条数为：12

2019-05-21, 删除当前账号：weibo@zplay.cn的数据条数：0

2019-05-21, 获取到当前账号：weibo@zplay.cn的数据条数为：12

2019-05-21, 删除当前账号：weibo@zplay.cn的数据条数：0

2019-05-21, 获取到当前账号：weibo@zplay.cn的数据条数为：12

2019-05-21, 删除当前账号：weibo@zplay.cn的数据条数：0

2019-05-21, 获取到当前账号：weibo@zplay.cn的数据条数为：114

2019-05-21, 删除当前账号：weibo@zplay.cn的数据条数：0

2019-05-21, 获取到当前账号：weibo@zplay.cn的数据条数为：43

2019-05-21, 删除当前账号：weibo@zplay.cn的数据条数：0

2019-05-21, 获取到当前账号：weibo@zplay.cn的数据条数为：12

2019-05-21, 删除当前账号：weibo@zplay.cn的数据条数：0

2019-05-21, 获取到当前账号：weibo@zplay.cn的数据条数为：74

2019-05-21, 删除当前账号：weibo@zplay.cn的数据条数：0

2019-05-21, 获取到当前账号：weibo@zplay.cn的数据条数为：13

2019-05-21, 删除当前账号：weibo@zplay.cn的数据条数：0

2019-05-21, 获取到当前账号：weibo@zplay.cn的数据条数为：12

2019-05-21, 删除当前账号：weibo@zplay.cn的数据条数：0

2019-05-21, 获取到当前账号：noodlecake的数据条数为：12

2019-05-21, 删除当前账号：noodlecake的数据条数：0

2019-05-21, 获取到当前账号：weibo@zplay.cn的数据条数为：12

2019-05-21, 删除当前账号：weibo@zplay.cn的数据条数：0

2019-05-21, 获取到当前账号：weibo@zplay.cn的数据条数为：12

2019-05-21, 删除当前账号：weibo@zplay.cn的数据条数：0

2019-05-21, 获取到当前账号：weibo@zplay.cn的数据条数为：12

2019-05-21, 删除当前账号：weibo@zplay.cn的数据条数：0

2019-05-21, 获取到当前账号：weibo@zplay.cn的数据条数为：12

2019-05-21, 删除当前账号：weibo@zplay.cn的数据条数：0

2019-05-21, 获取到当前账号：weibo@zplay.cn的数据条数为：12

2019-05-21, 删除当前账号：weibo@zplay.cn的数据条数：0

2019-05-21, 获取到当前账号：weibo@zplay.cn的数据条数为：12

2019-05-21, 删除当前账号：weibo@zplay.cn的数据条数：0

2019-05-21, 获取到当前账号：weibo@zplay.cn的数据条数为：12

2019-05-21, 删除当前账号：weibo@zplay.cn的数据条数：0

2019-05-21, 获取到当前账号：weibo@zplay.cn的数据条数为：12

2019-05-21, 删除当前账号：weibo@zplay.cn的数据条数：0

2019-05-21, 获取到当前账号：weibo@zplay.cn的数据条数为：12

2019-05-21, 删除当前账号：weibo@zplay.cn的数据条数：0

2019-05-21, 获取到当前账号：weibo@zplay.cn的数据条数为：14

2019-05-21, 删除当前账号：weibo@zplay.cn的数据条数：0

2019-05-21, 获取到当前账号：weibo@zplay.cn的数据条数为：12

2019-05-21, 删除当前账号：weibo@zplay.cn的数据条数：0

2019-05-21, 获取到当前账号：weibo@zplay.cn的数据条数为：12

2019-05-21, 删除当前账号：weibo@zplay.cn的数据条数：0

2019-05-21, 获取到当前账号：weibo@zplay.cn的数据条数为：12

2019-05-21, 删除当前账号：weibo@zplay.cn的数据条数：0

2019-05-21, 获取到当前账号：weibo@zplay.cn的数据条数为：12

2019-05-21, 删除当前账号：weibo@zplay.cn的数据条数：0

2019-05-21, 获取到当前账号：weibo@zplay.cn的数据条数为：12

2019-05-21, 删除当前账号：weibo@zplay.cn的数据条数：0

2019-05-21, 获取到当前账号：weibo@zplay.cn的数据条数为：17

2019-05-21, 删除当前账号：weibo@zplay.cn的数据条数：0

2019-05-21, 获取到当前账号：weibo@zplay.cn的数据条数为：22

2019-05-21, 删除当前账号：weibo@zplay.cn的数据条数：0

2019-05-21, 获取到当前账号：weibo@zplay.cn的数据条数为：12

2019-05-21, 删除当前账号：weibo@zplay.cn的数据条数：0

2019-05-21, 获取到当前账号：weibo@zplay.cn的数据条数为：12

2019-05-21, 删除当前账号：weibo@zplay.cn的数据条数：0

2019-05-21, 获取到当前账号：weibo@zplay.cn的数据条数为：242

2019-05-21, 删除当前账号：weibo@zplay.cn的数据条数：0

2019-05-21, 获取到当前账号：weibo@zplay.cn的数据条数为：363

2019-05-21, 删除当前账号：weibo@zplay.cn的数据条数：0

2019-05-21, 获取到当前账号：weibo@zplay.cn的数据条数为：35

2019-05-21, 删除当前账号：weibo@zplay.cn的数据条数：0

2019-05-21, 获取到当前账号：weibo@zplay.cn的数据条数为：27

2019-05-21, 删除当前账号：weibo@zplay.cn的数据条数：0

2019-05-21, 获取到当前账号：weibo@zplay.cn的数据条数为：197

2019-05-21, 删除当前账号：weibo@zplay.cn的数据条数：0

2019-05-21, 获取到当前账号：weibo@zplay.cn的数据条数为：13

2019-05-21, 删除当前账号：weibo@zplay.cn的数据条数：0

2019-05-21, 获取到当前账号：weibo@zplay.cn的数据条数为：20

2019-05-21, 删除当前账号：weibo@zplay.cn的数据条数：0

2019-05-21, 获取到当前账号：weibo@zplay.cn的数据条数为：12

2019-05-21, 删除当前账号：weibo@zplay.cn的数据条数：0

2019-05-21, 获取到当前账号：weibo@zplay.cn的数据条数为：12

2019-05-21, 删除当前账号：weibo@zplay.cn的数据条数：0

2019-05-21, 获取到当前账号：weibo@zplay.cn的数据条数为：12

2019-05-21, 删除当前账号：weibo@zplay.cn的数据条数：0

2019-05-21, 获取到当前账号：weibo@zplay.cn的数据条数为：116

2019-05-21, 删除当前账号：weibo@zplay.cn的数据条数：0

2019-05-21, 获取到当前账号：weibo@zplay.cn的数据条数为：49

2019-05-21, 删除当前账号：weibo@zplay.cn的数据条数：0

2019-05-21, 获取到当前账号：weibo@zplay.cn的数据条数为：20

2019-05-21, 删除当前账号：weibo@zplay.cn的数据条数：0

2019-05-21, 获取到当前账号：weibo@zplay.cn的数据条数为：16

2019-05-21, 删除当前账号：weibo@zplay.cn的数据条数：0

2019-05-21, 获取到当前账号：weibo@zplay.cn的数据条数为：12

2019-05-21, 删除当前账号：weibo@zplay.cn的数据条数：0

2019-05-21, 获取到当前账号：weibo@zplay.cn的数据条数为：20

2019-05-21, 删除当前账号：weibo@zplay.cn的数据条数：0

2019-05-21, 获取到当前账号：weibo@zplay.cn的数据条数为：16

2019-05-21, 删除当前账号：weibo@zplay.cn的数据条数：0

2019-05-21, 获取到当前账号：weibo@zplay.cn的数据条数为：669

2019-05-21, 删除当前账号：weibo@zplay.cn的数据条数：0

2019-05-21, 获取到当前账号：weibo@zplay.cn的数据条数为：12

2019-05-21, 删除当前账号：weibo@zplay.cn的数据条数：0

2019-05-21, 获取到当前账号：weibo@zplay.cn的数据条数为：12

2019-05-21, 删除当前账号：weibo@zplay.cn的数据条数：0

2019-05-21, 获取到当前账号：weibo@zplay.cn的数据条数为：12

2019-05-21, 删除当前账号：weibo@zplay.cn的数据条数：0

2019-05-21, 获取到当前账号：weibo@zplay.cn的数据条数为：12

2019-05-21, 删除当前账号：weibo@zplay.cn的数据条数：0

2019-05-21, 获取到当前账号：weibo@zplay.cn的数据条数为：12

2019-05-21, 删除当前账号：weibo@zplay.cn的数据条数：0

2019-05-21, 获取到当前账号：weibo@zplay.cn的数据条数为：13

2019-05-21, 删除当前账号：weibo@zplay.cn的数据条数：0

2019-05-21, 获取到当前账号：weibo@zplay.cn的数据条数为：199

2019-05-21, 删除当前账号：weibo@zplay.cn的数据条数：0

2019-05-21, 获取到当前账号：weibo@zplay.cn的数据条数为：12

2019-05-21, 删除当前账号：weibo@zplay.cn的数据条数：0

2019-05-21, 获取到当前账号：weibo@zplay.cn的数据条数为：17

2019-05-21, 删除当前账号：weibo@zplay.cn的数据条数：0

2019-05-21, 获取到当前账号：weibo@zplay.cn的数据条数为：841

2019-05-21, 删除当前账号：weibo@zplay.cn的数据条数：0

2019-05-21, 获取到当前账号：weibo@zplay.cn的数据条数为：41

2019-05-21, 删除当前账号：weibo@zplay.cn的数据条数：0

2019-05-21, 获取到当前账号：weibo@zplay.cn的数据条数为：12

2019-05-21, 删除当前账号：weibo@zplay.cn的数据条数：0

2019-05-21, 获取到当前账号：weibo@zplay.cn的数据条数为：12

2019-05-21, 删除当前账号：weibo@zplay.cn的数据条数：0

2019-05-21, 获取到当前账号：weibo@zplay.cn的数据条数为：12

2019-05-21, 删除当前账号：weibo@zplay.cn的数据条数：0

2019-05-21, 获取到当前账号：weibo@zplay.cn的数据条数为：12

2019-05-21, 删除当前账号：weibo@zplay.cn的数据条数：0

2019-05-21, 获取到当前账号：weibo@zplay.cn的数据条数为：12

2019-05-21, 删除当前账号：weibo@zplay.cn的数据条数：0

2019-05-21, 获取到当前账号：weibo@zplay.cn的数据条数为：12

2019-05-21, 删除当前账号：weibo@zplay.cn的数据条数：0

2019-05-21, 获取到当前账号：weibo@zplay.cn的数据条数为：12

2019-05-21, 删除当前账号：weibo@zplay.cn的数据条数：0

2019-05-21, 获取到当前账号：weibo@zplay.cn的数据条数为：12

2019-05-21, 删除当前账号：weibo@zplay.cn的数据条数：0

2019-05-21, 获取到当前账号：weibo@zplay.cn的数据条数为：12

2019-05-21, 删除当前账号：weibo@zplay.cn的数据条数：0

2019-05-21, 获取到当前账号：weibo@zplay.cn的数据条数为：12

2019-05-21, 删除当前账号：weibo@zplay.cn的数据条数：0

2019-05-21, 获取到当前账号：weibo@zplay.cn的数据条数为：12

2019-05-21, 删除当前账号：weibo@zplay.cn的数据条数：0

2019-05-21, 获取到当前账号：weibo@zplay.cn的数据条数为：114

2019-05-21, 删除当前账号：weibo@zplay.cn的数据条数：0

2019-05-21, 获取到当前账号：weibo@zplay.cn的数据条数为：12

2019-05-21, 删除当前账号：weibo@zplay.cn的数据条数：0

2019-05-21, 获取到当前账号：weibo@zplay.cn的数据条数为：74

2019-05-21, 删除当前账号：weibo@zplay.cn的数据条数：0

2019-05-21, 获取到当前账号：weibo@zplay.cn的数据条数为：13

2019-05-21, 删除当前账号：weibo@zplay.cn的数据条数：0

2019-05-21, 获取到当前账号：weibo@zplay.cn的数据条数为：12

2019-05-21, 删除当前账号：weibo@zplay.cn的数据条数：720

2019-05-21, 获取到当前账号：weibo@zplay.cn的数据条数为：12

2019-05-21, 删除当前账号：weibo@zplay.cn的数据条数：0

2019-05-21, 获取到当前账号：weibo@zplay.cn的数据条数为：12

2019-05-21, 删除当前账号：weibo@zplay.cn的数据条数：0

2019-05-21, 获取到当前账号：weibo@zplay.cn的数据条数为：12

2019-05-21, 删除当前账号：weibo@zplay.cn的数据条数：0

2019-05-21, 获取到当前账号：weibo@zplay.cn的数据条数为：12

2019-05-21, 删除当前账号：weibo@zplay.cn的数据条数：0

2019-05-21, 获取到当前账号：weibo@zplay.cn的数据条数为：12

2019-05-21, 删除当前账号：weibo@zplay.cn的数据条数：0

2019-05-21, 获取到当前账号：weibo@zplay.cn的数据条数为：12

2019-05-21, 删除当前账号：weibo@zplay.cn的数据条数：0

2019-05-21, 获取到当前账号：weibo@zplay.cn的数据条数为：12

2019-05-21, 删除当前账号：weibo@zplay.cn的数据条数：0

2019-05-21, 获取到当前账号：weibo@zplay.cn的数据条数为：14

2019-05-21, 删除当前账号：weibo@zplay.cn的数据条数：2

2019-05-21, 获取到当前账号：weibo@zplay.cn的数据条数为：12

2019-05-21, 删除当前账号：weibo@zplay.cn的数据条数：0

2019-05-21, 获取到当前账号：weibo@zplay.cn的数据条数为：12

2019-05-21, 删除当前账号：weibo@zplay.cn的数据条数：0

2019-05-21, 获取到当前账号：weibo@zplay.cn的数据条数为：12

2019-05-21, 删除当前账号：weibo@zplay.cn的数据条数：0

2019-05-21, 获取到当前账号：weibo@zplay.cn的数据条数为：12

2019-05-21, 删除当前账号：weibo@zplay.cn的数据条数：0

2019-05-21, 获取到当前账号：weibo@zplay.cn的数据条数为：12

2019-05-21, 删除当前账号：weibo@zplay.cn的数据条数：0

2019-05-21, 获取到当前账号：weibo@zplay.cn的数据条数为：12

2019-05-21, 删除当前账号：weibo@zplay.cn的数据条数：0

2019-05-21, 获取到当前账号：weibo@zplay.cn的数据条数为：17

2019-05-21, 删除当前账号：weibo@zplay.cn的数据条数：5

2019-05-21, 获取到当前账号：weibo@zplay.cn的数据条数为：22

2019-05-21, 删除当前账号：weibo@zplay.cn的数据条数：10

2019-05-21, 获取到当前账号：weibo@zplay.cn的数据条数为：149

2019-05-21, 删除当前账号：weibo@zplay.cn的数据条数：0

2019-05-21, 获取到当前账号：weibo@zplay.cn的数据条数为：12

2019-05-21, 删除当前账号：weibo@zplay.cn的数据条数：0

2019-05-21, 获取到当前账号：weibo@zplay.cn的数据条数为：242

2019-05-21, 删除当前账号：weibo@zplay.cn的数据条数：230

2019-05-21, 获取到当前账号：weibo@zplay.cn的数据条数为：363

2019-05-21, 删除当前账号：weibo@zplay.cn的数据条数：351

2019-05-21, 获取到当前账号：weibo@zplay.cn的数据条数为：35

2019-05-21, 删除当前账号：weibo@zplay.cn的数据条数：23

2019-05-21, 获取到当前账号：weibo@zplay.cn的数据条数为：27

2019-05-21, 删除当前账号：weibo@zplay.cn的数据条数：15

2019-05-21, 获取到当前账号：weibo@zplay.cn的数据条数为：197

2019-05-21, 删除当前账号：weibo@zplay.cn的数据条数：185

2019-05-21, 获取到当前账号：weibo@zplay.cn的数据条数为：13

2019-05-21, 删除当前账号：weibo@zplay.cn的数据条数：1

2019-05-21, 获取到当前账号：weibo@zplay.cn的数据条数为：32

2019-05-21, 删除当前账号：weibo@zplay.cn的数据条数：20

2019-05-21, 获取到当前账号：weibo@zplay.cn的数据条数为：12

2019-05-21, 删除当前账号：weibo@zplay.cn的数据条数：0

2019-05-21, 获取到当前账号：weibo@zplay.cn的数据条数为：12

2019-05-21, 删除当前账号：weibo@zplay.cn的数据条数：0

2019-05-21, 获取到当前账号：weibo@zplay.cn的数据条数为：111

2019-05-21, 删除当前账号：weibo@zplay.cn的数据条数：0

2019-05-21, 获取到当前账号：weibo@zplay.cn的数据条数为：128

2019-05-21, 删除当前账号：weibo@zplay.cn的数据条数：116

2019-05-21, 获取到当前账号：weibo@zplay.cn的数据条数为：49

2019-05-21, 删除当前账号：weibo@zplay.cn的数据条数：37

2019-05-21, 获取到当前账号：weibo@zplay.cn的数据条数为：20

2019-05-21, 删除当前账号：weibo@zplay.cn的数据条数：8

2019-05-21, 获取到当前账号：weibo@zplay.cn的数据条数为：16

2019-05-21, 删除当前账号：weibo@zplay.cn的数据条数：4

2019-05-21, 获取到当前账号：weibo@zplay.cn的数据条数为：12

2019-05-21, 删除当前账号：weibo@zplay.cn的数据条数：0

2019-05-21, 获取到当前账号：weibo@zplay.cn的数据条数为：20

2019-05-21, 删除当前账号：weibo@zplay.cn的数据条数：8

2019-05-21, 获取到当前账号：weibo@zplay.cn的数据条数为：16

2019-05-21, 删除当前账号：weibo@zplay.cn的数据条数：4

2019-05-21, 获取到当前账号：weibo@zplay.cn的数据条数为：669

2019-05-21, 删除当前账号：weibo@zplay.cn的数据条数：657

2019-05-21, 获取到当前账号：weibo@zplay.cn的数据条数为：136

2019-05-21, 删除当前账号：weibo@zplay.cn的数据条数：0

2019-05-21, 获取到当前账号：weibo@zplay.cn的数据条数为：14

2019-05-21, 删除当前账号：weibo@zplay.cn的数据条数：0

2019-05-21, 获取到当前账号：weibo@zplay.cn的数据条数为：12

2019-05-21, 删除当前账号：weibo@zplay.cn的数据条数：0

2019-05-21, 获取到当前账号：weibo@zplay.cn的数据条数为：193

2019-05-21, 删除当前账号：weibo@zplay.cn的数据条数：0

2019-05-21, 获取到当前账号：weibo@zplay.cn的数据条数为：12

2019-05-21, 删除当前账号：weibo@zplay.cn的数据条数：0

2019-05-21, 获取到当前账号：weibo@zplay.cn的数据条数为：12

2019-05-21, 删除当前账号：weibo@zplay.cn的数据条数：0

2019-05-21, 获取到当前账号：weibo@zplay.cn的数据条数为：12

2019-05-21, 删除当前账号：weibo@zplay.cn的数据条数：0

2019-05-21, 获取到当前账号：weibo@zplay.cn的数据条数为：12

2019-05-21, 删除当前账号：weibo@zplay.cn的数据条数：0

2019-05-21, 获取到当前账号：weibo@zplay.cn的数据条数为：12

2019-05-21, 删除当前账号：weibo@zplay.cn的数据条数：0

2019-05-21, 获取到当前账号：weibo@zplay.cn的数据条数为：12

2019-05-21, 删除当前账号：weibo@zplay.cn的数据条数：0

2019-05-21, 获取到当前账号：weibo@zplay.cn的数据条数为：12

2019-05-21, 删除当前账号：weibo@zplay.cn的数据条数：0

2019-05-21, 获取到当前账号：weibo@zplay.cn的数据条数为：25

2019-05-21, 删除当前账号：weibo@zplay.cn的数据条数：13

2019-05-21, 获取到当前账号：weibo@zplay.cn的数据条数为：199

2019-05-21, 删除当前账号：weibo@zplay.cn的数据条数：187

2019-05-21, 获取到当前账号：weibo@zplay.cn的数据条数为：12

2019-05-21, 删除当前账号：weibo@zplay.cn的数据条数：0

2019-05-21, 获取到当前账号：weibo@zplay.cn的数据条数为：12

2019-05-21, 删除当前账号：weibo@zplay.cn的数据条数：5

2019-05-21, 获取到当前账号：weibo@zplay.cn的数据条数为：841

2019-05-21, 删除当前账号：weibo@zplay.cn的数据条数：829

2019-05-21, 获取到当前账号：weibo@zplay.cn的数据条数为：41

2019-05-21, 删除当前账号：weibo@zplay.cn的数据条数：29

2019-05-21, 获取到当前账号：weibo@zplay.cn的数据条数为：28

2019-05-21, 删除当前账号：weibo@zplay.cn的数据条数：0

2019-05-21, 获取到当前账号：weibo@zplay.cn的数据条数为：12

2019-05-21, 获取到当前账号：weibo@zplay.cn的数据条数为：12

2019-05-21, 删除当前账号：weibo@zplay.cn的数据条数：660

2019-05-21, 获取到当前账号：weibo@zplay.cn的数据条数为：12

2019-05-21, 删除当前账号：weibo@zplay.cn的数据条数：0

2019-05-21, 获取到当前账号：weibo@zplay.cn的数据条数为：12

2019-05-21, 删除当前账号：weibo@zplay.cn的数据条数：0

2019-05-21, 获取到当前账号：weibo@zplay.cn的数据条数为：12

2019-05-21, 删除当前账号：weibo@zplay.cn的数据条数：0

2019-05-21, 获取到当前账号：weibo@zplay.cn的数据条数为：12

2019-05-21, 删除当前账号：weibo@zplay.cn的数据条数：0

2019-05-21, 获取到当前账号：weibo@zplay.cn的数据条数为：12

2019-05-21, 删除当前账号：weibo@zplay.cn的数据条数：0

2019-05-21, 获取到当前账号：weibo@zplay.cn的数据条数为：12

2019-05-21, 删除当前账号：weibo@zplay.cn的数据条数：0

2019-05-21, 获取到当前账号：weibo@zplay.cn的数据条数为：12

2019-05-21, 删除当前账号：weibo@zplay.cn的数据条数：0

2019-05-21, 获取到当前账号：weibo@zplay.cn的数据条数为：14

2019-05-21, 删除当前账号：weibo@zplay.cn的数据条数：2

2019-05-21, 获取到当前账号：weibo@zplay.cn的数据条数为：12

2019-05-21, 删除当前账号：weibo@zplay.cn的数据条数：0

2019-05-21, 获取到当前账号：weibo@zplay.cn的数据条数为：12

2019-05-21, 删除当前账号：weibo@zplay.cn的数据条数：0

2019-05-21, 获取到当前账号：weibo@zplay.cn的数据条数为：12

2019-05-21, 删除当前账号：weibo@zplay.cn的数据条数：0

2019-05-21, 获取到当前账号：weibo@zplay.cn的数据条数为：12

2019-05-21, 删除当前账号：weibo@zplay.cn的数据条数：0

2019-05-21, 获取到当前账号：weibo@zplay.cn的数据条数为：12

2019-05-21, 删除当前账号：weibo@zplay.cn的数据条数：0

2019-05-21, 获取到当前账号：weibo@zplay.cn的数据条数为：17

2019-05-21, 删除当前账号：weibo@zplay.cn的数据条数：5

2019-05-21, 获取到当前账号：weibo@zplay.cn的数据条数为：22

2019-05-21, 删除当前账号：weibo@zplay.cn的数据条数：10

2019-05-21, 获取到当前账号：weibo@zplay.cn的数据条数为：149

2019-05-21, 删除当前账号：weibo@zplay.cn的数据条数：137

2019-05-21, 获取到当前账号：weibo@zplay.cn的数据条数为：12

2019-05-21, 删除当前账号：weibo@zplay.cn的数据条数：0

2019-05-21, 获取到当前账号：weibo@zplay.cn的数据条数为：242

2019-05-21, 删除当前账号：weibo@zplay.cn的数据条数：230

2019-05-21, 获取到当前账号：weibo@zplay.cn的数据条数为：35

2019-05-21, 删除当前账号：weibo@zplay.cn的数据条数：23

2019-05-21, 获取到当前账号：weibo@zplay.cn的数据条数为：27

2019-05-21, 删除当前账号：weibo@zplay.cn的数据条数：15

2019-05-21, 获取到当前账号：weibo@zplay.cn的数据条数为：197

2019-05-21, 删除当前账号：weibo@zplay.cn的数据条数：185

2019-05-21, 获取到当前账号：weibo@zplay.cn的数据条数为：13

2019-05-21, 删除当前账号：weibo@zplay.cn的数据条数：1

2019-05-21, 获取到当前账号：weibo@zplay.cn的数据条数为：32

2019-05-21, 删除当前账号：weibo@zplay.cn的数据条数：20

2019-05-21, 获取到当前账号：weibo@zplay.cn的数据条数为：12

2019-05-21, 删除当前账号：weibo@zplay.cn的数据条数：0

2019-05-21, 获取到当前账号：weibo@zplay.cn的数据条数为：12

2019-05-21, 删除当前账号：weibo@zplay.cn的数据条数：0

2019-05-21, 获取到当前账号：weibo@zplay.cn的数据条数为：111

2019-05-21, 删除当前账号：weibo@zplay.cn的数据条数：99

2019-05-21, 获取到当前账号：weibo@zplay.cn的数据条数为：128

2019-05-21, 删除当前账号：weibo@zplay.cn的数据条数：116

2019-05-21, 获取到当前账号：weibo@zplay.cn的数据条数为：49

2019-05-21, 删除当前账号：weibo@zplay.cn的数据条数：37

2019-05-21, 获取到当前账号：weibo@zplay.cn的数据条数为：20

2019-05-21, 删除当前账号：weibo@zplay.cn的数据条数：8

2019-05-21, 获取到当前账号：weibo@zplay.cn的数据条数为：16

2019-05-21, 删除当前账号：weibo@zplay.cn的数据条数：4

2019-05-21, 获取到当前账号：weibo@zplay.cn的数据条数为：12

2019-05-21, 删除当前账号：weibo@zplay.cn的数据条数：0

2019-05-21, 获取到当前账号：weibo@zplay.cn的数据条数为：12

2019-05-21, 删除当前账号：weibo@zplay.cn的数据条数：8

2019-05-21, 获取到当前账号：weibo@zplay.cn的数据条数为：16

2019-05-21, 删除当前账号：weibo@zplay.cn的数据条数：4

2019-05-21, 获取到当前账号：weibo@zplay.cn的数据条数为：12

2019-05-21, 删除当前账号：weibo@zplay.cn的数据条数：657

2019-05-21, 获取到当前账号：weibo@zplay.cn的数据条数为：136

2019-05-21, 删除当前账号：weibo@zplay.cn的数据条数：124

2019-05-21, 获取到当前账号：weibo@zplay.cn的数据条数为：2

2019-05-21, 删除当前账号：weibo@zplay.cn的数据条数：2

2019-05-21, 获取到当前账号：weibo@zplay.cn的数据条数为：12

2019-05-21, 删除当前账号：weibo@zplay.cn的数据条数：181

2019-05-21, 获取到当前账号：weibo@zplay.cn的数据条数为：12

2019-05-21, 删除当前账号：weibo@zplay.cn的数据条数：0

2019-05-21, 获取到当前账号：weibo@zplay.cn的数据条数为：12

2019-05-21, 删除当前账号：weibo@zplay.cn的数据条数：0

2019-05-21, 获取到当前账号：weibo@zplay.cn的数据条数为：12

2019-05-21, 删除当前账号：weibo@zplay.cn的数据条数：0

2019-05-21, 获取到当前账号：weibo@zplay.cn的数据条数为：12

2019-05-21, 删除当前账号：weibo@zplay.cn的数据条数：0

2019-05-21, 获取到当前账号：weibo@zplay.cn的数据条数为：12

2019-05-21, 删除当前账号：weibo@zplay.cn的数据条数：0

2019-05-21, 获取到当前账号：weibo@zplay.cn的数据条数为：12

2019-05-21, 删除当前账号：weibo@zplay.cn的数据条数：0

2019-05-21, 获取到当前账号：weibo@zplay.cn的数据条数为：12

2019-05-21, 删除当前账号：weibo@zplay.cn的数据条数：0

2019-05-21, 获取到当前账号：weibo@zplay.cn的数据条数为：25

2019-05-21, 删除当前账号：weibo@zplay.cn的数据条数：13

2019-05-21, 获取到当前账号：weibo@zplay.cn的数据条数为：199

2019-05-21, 删除当前账号：weibo@zplay.cn的数据条数：187

2019-05-21, 获取到当前账号：weibo@zplay.cn的数据条数为：12

2019-05-21, 删除当前账号：weibo@zplay.cn的数据条数：0

2019-05-21, 获取到当前账号：weibo@zplay.cn的数据条数为：12

2019-05-21, 删除当前账号：weibo@zplay.cn的数据条数：0

2019-05-21, 获取到当前账号：weibo@zplay.cn的数据条数为：17

2019-05-21, 删除当前账号：weibo@zplay.cn的数据条数：0

2019-05-21, 获取到当前账号：weibo@zplay.cn的数据条数为：829

2019-05-21, 删除当前账号：weibo@zplay.cn的数据条数：829

2019-05-21, 获取到当前账号：weibo@zplay.cn的数据条数为：41

2019-05-21, 删除当前账号：weibo@zplay.cn的数据条数：29

2019-05-21, 获取到当前账号：weibo@zplay.cn的数据条数为：28

2019-05-21, 删除当前账号：weibo@zplay.cn的数据条数：16

2019-05-21, 获取到当前账号：weibo@zplay.cn的数据条数为：228

2019-05-21, 删除当前账号：weibo@zplay.cn的数据条数：0

2019-05-21, 获取到当前账号：weibo@zplay.cn的数据条数为：12

2019-05-21, 删除当前账号：weibo@zplay.cn的数据条数：0

2019-05-21, 获取到当前账号：weibo@zplay.cn的数据条数为：12

2019-05-21, 删除当前账号：weibo@zplay.cn的数据条数：0

2019-05-21, 获取到当前账号：weibo@zplay.cn的数据条数为：12

2019-05-21, 删除当前账号：weibo@zplay.cn的数据条数：0

2019-05-21, 获取到当前账号：weibo@zplay.cn的数据条数为：12

2019-05-21, 删除当前账号：weibo@zplay.cn的数据条数：0

2019-05-21, 获取到当前账号：weibo@zplay.cn的数据条数为：12

2019-05-21, 删除当前账号：weibo@zplay.cn的数据条数：0

2019-05-21, 获取到当前账号：weibo@zplay.cn的数据条数为：12

2019-05-21, 删除当前账号：weibo@zplay.cn的数据条数：0

2019-05-21, 获取到当前账号：weibo@zplay.cn的数据条数为：12

2019-05-21, 删除当前账号：weibo@zplay.cn的数据条数：0

2019-05-21, 获取到当前账号：weibo@zplay.cn的数据条数为：12

2019-05-21, 删除当前账号：weibo@zplay.cn的数据条数：0

2019-05-21, 获取到当前账号：weibo@zplay.cn的数据条数为：12

2019-05-21, 删除当前账号：weibo@zplay.cn的数据条数：0

2019-05-21, 获取到当前账号：weibo@zplay.cn的数据条数为：102

2019-05-21, 删除当前账号：weibo@zplay.cn的数据条数：102

2019-05-21, 获取到当前账号：weibo@zplay.cn的数据条数为：12

2019-05-21, 删除当前账号：weibo@zplay.cn的数据条数：0

2019-05-21, 获取到当前账号：weibo@zplay.cn的数据条数为：12

2019-05-21, 删除当前账号：weibo@zplay.cn的数据条数：0

2019-05-21, 获取到当前账号：weibo@zplay.cn的数据条数为：13

2019-05-21, 删除当前账号：weibo@zplay.cn的数据条数：1

2019-05-21, 获取到当前账号：weibo@zplay.cn的数据条数为：12

2019-05-21, 删除当前账号：weibo@zplay.cn的数据条数：0

2019-05-21, 获取到当前账号：noodlecake的数据条数为：12

2019-05-21, 删除当前账号：noodlecake的数据条数：0

2019-05-21, 获取到当前账号：weibo@zplay.cn的数据条数为：12

2019-05-21, 删除当前账号：weibo@zplay.cn的数据条数：0

2019-05-21, 获取到当前账号：weibo@zplay.cn的数据条数为：12

2019-05-21, 删除当前账号：weibo@zplay.cn的数据条数：0

2019-05-21, 获取到当前账号：weibo@zplay.cn的数据条数为：12

2019-05-21, 删除当前账号：weibo@zplay.cn的数据条数：0

2019-05-21, 获取到当前账号：weibo@zplay.cn的数据条数为：12

2019-05-21, 删除当前账号：weibo@zplay.cn的数据条数：0

2019-05-21, 获取到当前账号：weibo@zplay.cn的数据条数为：12

2019-05-21, 删除当前账号：weibo@zplay.cn的数据条数：0

2019-05-21, 获取到当前账号：weibo@zplay.cn的数据条数为：12

2019-05-21, 删除当前账号：weibo@zplay.cn的数据条数：0

2019-05-21, 获取到当前账号：weibo@zplay.cn的数据条数为：12

2019-05-21, 删除当前账号：weibo@zplay.cn的数据条数：0

2019-05-21, 获取到当前账号：weibo@zplay.cn的数据条数为：12

2019-05-21, 删除当前账号：weibo@zplay.cn的数据条数：0

2019-05-21, 获取到当前账号：weibo@zplay.cn的数据条数为：12

2019-05-21, 删除当前账号：weibo@zplay.cn的数据条数：0

2019-05-21, 获取到当前账号：weibo@zplay.cn的数据条数为：14

2019-05-21, 删除当前账号：weibo@zplay.cn的数据条数：0

2019-05-21, 获取到当前账号：weibo@zplay.cn的数据条数为：12

2019-05-21, 删除当前账号：weibo@zplay.cn的数据条数：0

2019-05-21, 获取到当前账号：weibo@zplay.cn的数据条数为：12

2019-05-21, 删除当前账号：weibo@zplay.cn的数据条数：0

2019-05-21, 获取到当前账号：weibo@zplay.cn的数据条数为：12

2019-05-21, 删除当前账号：weibo@zplay.cn的数据条数：0

2019-05-21, 获取到当前账号：weibo@zplay.cn的数据条数为：12

2019-05-21, 删除当前账号：weibo@zplay.cn的数据条数：0

2019-05-21, 获取到当前账号：weibo@zplay.cn的数据条数为：12

2019-05-21, 删除当前账号：weibo@zplay.cn的数据条数：0

2019-05-21, 获取到当前账号：weibo@zplay.cn的数据条数为：12

2019-05-21, 删除当前账号：weibo@zplay.cn的数据条数：0

2019-05-21, 获取到当前账号：weibo@zplay.cn的数据条数为：17

2019-05-21, 删除当前账号：weibo@zplay.cn的数据条数：0

2019-05-21, 获取到当前账号：weibo@zplay.cn的数据条数为：22

2019-05-21, 删除当前账号：weibo@zplay.cn的数据条数：0

2019-05-21, 获取到当前账号：weibo@zplay.cn的数据条数为：12

2019-05-21, 删除当前账号：weibo@zplay.cn的数据条数：0

2019-05-21, 获取到当前账号：weibo@zplay.cn的数据条数为：242

2019-05-21, 删除当前账号：weibo@zplay.cn的数据条数：0

2019-05-21, 获取到当前账号：weibo@zplay.cn的数据条数为：363

2019-05-21, 删除当前账号：weibo@zplay.cn的数据条数：0

2019-05-21, 获取到当前账号：weibo@zplay.cn的数据条数为：35

2019-05-21, 删除当前账号：weibo@zplay.cn的数据条数：0

2019-05-21, 获取到当前账号：weibo@zplay.cn的数据条数为：27

2019-05-21, 删除当前账号：weibo@zplay.cn的数据条数：0

2019-05-21, 获取到当前账号：weibo@zplay.cn的数据条数为：13

2019-05-21, 删除当前账号：weibo@zplay.cn的数据条数：0

2019-05-21, 获取到当前账号：weibo@zplay.cn的数据条数为：32

2019-05-21, 删除当前账号：weibo@zplay.cn的数据条数：0

2019-05-21, 获取到当前账号：weibo@zplay.cn的数据条数为：12

2019-05-21, 删除当前账号：weibo@zplay.cn的数据条数：0

2019-05-21, 获取到当前账号：weibo@zplay.cn的数据条数为：12

2019-05-21, 删除当前账号：weibo@zplay.cn的数据条数：0

2019-05-21, 获取到当前账号：weibo@zplay.cn的数据条数为：111

2019-05-21, 删除当前账号：weibo@zplay.cn的数据条数：0

2019-05-21, 获取到当前账号：weibo@zplay.cn的数据条数为：128

2019-05-21, 删除当前账号：weibo@zplay.cn的数据条数：0

2019-05-21, 获取到当前账号：weibo@zplay.cn的数据条数为：49

2019-05-21, 删除当前账号：weibo@zplay.cn的数据条数：0

2019-05-21, 获取到当前账号：weibo@zplay.cn的数据条数为：20

2019-05-21, 删除当前账号：weibo@zplay.cn的数据条数：0

2019-05-21, 获取到当前账号：weibo@zplay.cn的数据条数为：16

2019-05-21, 删除当前账号：weibo@zplay.cn的数据条数：0

2019-05-21, 获取到当前账号：weibo@zplay.cn的数据条数为：12

2019-05-21, 删除当前账号：weibo@zplay.cn的数据条数：0

2019-05-21, 获取到当前账号：weibo@zplay.cn的数据条数为：20

2019-05-21, 删除当前账号：weibo@zplay.cn的数据条数：0

2019-05-21, 获取到当前账号：weibo@zplay.cn的数据条数为：16

2019-05-21, 删除当前账号：weibo@zplay.cn的数据条数：0

2019-05-21, 获取到当前账号：weibo@zplay.cn的数据条数为：669

2019-05-21, 删除当前账号：weibo@zplay.cn的数据条数：0

2019-05-21, 获取到当前账号：weibo@zplay.cn的数据条数为：136

2019-05-21, 删除当前账号：weibo@zplay.cn的数据条数：0

2019-05-21, 获取到当前账号：weibo@zplay.cn的数据条数为：14

2019-05-21, 删除当前账号：weibo@zplay.cn的数据条数：0

2019-05-21, 获取到当前账号：weibo@zplay.cn的数据条数为：12

2019-05-21, 删除当前账号：weibo@zplay.cn的数据条数：0

2019-05-21, 获取到当前账号：weibo@zplay.cn的数据条数为：193

2019-05-21, 删除当前账号：weibo@zplay.cn的数据条数：0

2019-05-21, 获取到当前账号：weibo@zplay.cn的数据条数为：12

2019-05-21, 删除当前账号：weibo@zplay.cn的数据条数：0

2019-05-21, 获取到当前账号：weibo@zplay.cn的数据条数为：12

2019-05-21, 删除当前账号：weibo@zplay.cn的数据条数：0

2019-05-21, 获取到当前账号：weibo@zplay.cn的数据条数为：12

2019-05-21, 删除当前账号：weibo@zplay.cn的数据条数：0

2019-05-21, 获取到当前账号：weibo@zplay.cn的数据条数为：12

2019-05-21, 删除当前账号：weibo@zplay.cn的数据条数：0

2019-05-21, 获取到当前账号：weibo@zplay.cn的数据条数为：12

2019-05-21, 删除当前账号：weibo@zplay.cn的数据条数：0

2019-05-21, 获取到当前账号：weibo@zplay.cn的数据条数为：12

2019-05-21, 删除当前账号：weibo@zplay.cn的数据条数：0

2019-05-21, 获取到当前账号：weibo@zplay.cn的数据条数为：25

2019-05-21, 删除当前账号：weibo@zplay.cn的数据条数：0

2019-05-21, 获取到当前账号：weibo@zplay.cn的数据条数为：199

2019-05-21, 删除当前账号：weibo@zplay.cn的数据条数：0

2019-05-21, 获取到当前账号：weibo@zplay.cn的数据条数为：12

2019-05-21, 删除当前账号：weibo@zplay.cn的数据条数：0

2019-05-21, 获取到当前账号：weibo@zplay.cn的数据条数为：12

2019-05-21, 删除当前账号：weibo@zplay.cn的数据条数：0

2019-05-21, 获取到当前账号：weibo@zplay.cn的数据条数为：17

2019-05-21, 删除当前账号：weibo@zplay.cn的数据条数：0

2019-05-21, 获取到当前账号：weibo@zplay.cn的数据条数为：841

2019-05-21, 删除当前账号：weibo@zplay.cn的数据条数：0

2019-05-21, 获取到当前账号：weibo@zplay.cn的数据条数为：41

2019-05-21, 删除当前账号：weibo@zplay.cn的数据条数：0

2019-05-21, 获取到当前账号：weibo@zplay.cn的数据条数为：28

2019-05-21, 删除当前账号：weibo@zplay.cn的数据条数：0

2019-05-21, 获取到当前账号：weibo@zplay.cn的数据条数为：240

2019-05-21, 删除当前账号：weibo@zplay.cn的数据条数：0

2019-05-21, 获取到当前账号：weibo@zplay.cn的数据条数为：12

2019-05-21, 删除当前账号：weibo@zplay.cn的数据条数：0

2019-05-21, 获取到当前账号：weibo@zplay.cn的数据条数为：12

2019-05-21, 删除当前账号：weibo@zplay.cn的数据条数：0

2019-05-21, 获取到当前账号：weibo@zplay.cn的数据条数为：12

2019-05-21, 删除当前账号：weibo@zplay.cn的数据条数：0

2019-05-21, 获取到当前账号：weibo@zplay.cn的数据条数为：12

2019-05-21, 删除当前账号：weibo@zplay.cn的数据条数：0

2019-05-21, 获取到当前账号：weibo@zplay.cn的数据条数为：12

2019-05-21, 删除当前账号：weibo@zplay.cn的数据条数：0

2019-05-21, 获取到当前账号：weibo@zplay.cn的数据条数为：12

2019-05-21, 删除当前账号：weibo@zplay.cn的数据条数：0

2019-05-21, 获取到当前账号：weibo@zplay.cn的数据条数为：12

2019-05-21, 删除当前账号：weibo@zplay.cn的数据条数：0

2019-05-21, 获取到当前账号：weibo@zplay.cn的数据条数为：12

2019-05-21, 删除当前账号：weibo@zplay.cn的数据条数：0

2019-05-21, 获取到当前账号：weibo@zplay.cn的数据条数为：12

2019-05-21, 删除当前账号：weibo@zplay.cn的数据条数：0

2019-05-21, 获取到当前账号：weibo@zplay.cn的数据条数为：12

2019-05-21, 删除当前账号：weibo@zplay.cn的数据条数：0

2019-05-21, 获取到当前账号：weibo@zplay.cn的数据条数为：12

2019-05-21, 删除当前账号：weibo@zplay.cn的数据条数：0

2019-05-21, 获取到当前账号：weibo@zplay.cn的数据条数为：114

2019-05-21, 删除当前账号：weibo@zplay.cn的数据条数：0

2019-05-21, 获取到当前账号：weibo@zplay.cn的数据条数为：12

2019-05-21, 删除当前账号：weibo@zplay.cn的数据条数：0

2019-05-21, 获取到当前账号：weibo@zplay.cn的数据条数为：74

2019-05-21, 删除当前账号：weibo@zplay.cn的数据条数：0

2019-05-21, 获取到当前账号：weibo@zplay.cn的数据条数为：13

2019-05-21, 删除当前账号：weibo@zplay.cn的数据条数：0

2019-05-21, 获取到当前账号：weibo@zplay.cn的数据条数为：12

2019-05-21, 删除当前账号：weibo@zplay.cn的数据条数：0

2019-05-21, 获取到当前账号：noodlecake的数据条数为：12

2019-05-21, 删除当前账号：noodlecake的数据条数：0

2019-08-03, 删除当前账号：的数据条数：0

2019-08-03, 获取到当前账号：weibo@zplay.cn的数据条数为：2

2019-08-03, 获取到当前账号：weibo@zplay.cn的数据条数为：10

2019-08-03, 获取到当前账号：weibo@zplay.cn的数据条数为：2

2019-08-03, 获取到当前账号：weibo@zplay.cn的数据条数为：2

2019-08-03, 获取到当前账号：weibo@zplay.cn的数据条数为：2

2019-08-03, 获取到当前账号：weibo@zplay.cn的数据条数为：2

2019-08-03, 获取到当前账号：weibo@zplay.cn的数据条数为：2

2019-08-03, 获取到当前账号：weibo@zplay.cn的数据条数为：2

2019-08-03, 获取到当前账号：weibo@zplay.cn的数据条数为：2

2019-08-03, 获取到当前账号：weibo@zplay.cn的数据条数为：2

2019-08-03, 获取到当前账号：weibo@zplay.cn的数据条数为：3

2019-08-03, 获取到当前账号：weibo@zplay.cn的数据条数为：2

2019-08-03, 获取到当前账号：weibo@zplay.cn的数据条数为：2

2019-08-03, 获取到当前账号：weibo@zplay.cn的数据条数为：2

2019-08-03, 获取到当前账号：weibo@zplay.cn的数据条数为：2

2019-08-03, 获取到当前账号：weibo@zplay.cn的数据条数为：2

2019-08-03, 获取到当前账号：weibo@zplay.cn的数据条数为：17

2019-08-03, 获取到当前账号：weibo@zplay.cn的数据条数为：10

2019-08-03, 获取到当前账号：weibo@zplay.cn的数据条数为：120

2019-08-03, 获取到当前账号：weibo@zplay.cn的数据条数为：2

2019-08-03, 获取到当前账号：weibo@zplay.cn的数据条数为：270

2019-08-03, 获取到当前账号：weibo@zplay.cn的数据条数为：346

2019-08-03, 获取到当前账号：weibo@zplay.cn的数据条数为：28

2019-08-03, 获取到当前账号：weibo@zplay.cn的数据条数为：26

2019-08-03, 获取到当前账号：weibo@zplay.cn的数据条数为：158

2019-08-03, 获取到当前账号：weibo@zplay.cn的数据条数为：3

2019-08-03, 获取到当前账号：weibo@zplay.cn的数据条数为：45

2019-08-03, 获取到当前账号：weibo@zplay.cn的数据条数为：2

2019-08-03, 获取到当前账号：weibo@zplay.cn的数据条数为：70

2019-08-03, 获取到当前账号：weibo@zplay.cn的数据条数为：1091

2019-08-03, 获取到当前账号：weibo@zplay.cn的数据条数为：1115

2019-08-03, 获取到当前账号：weibo@zplay.cn的数据条数为：1091

2019-08-03, 获取到当前账号：weibo@zplay.cn的数据条数为：1091

2019-08-03, 获取到当前账号：weibo@zplay.cn的数据条数为：1094

2019-08-03, 获取到当前账号：weibo@zplay.cn的数据条数为：1093

2019-08-03, 获取到当前账号：weibo@zplay.cn的数据条数为：1805

2019-08-03, 获取到当前账号：weibo@zplay.cn的数据条数为：1277

2019-08-03, 获取到当前账号：weibo@zplay.cn的数据条数为：1091

2019-08-03, 删除当前账号：的数据条数：0

2019-08-03, 获取到当前账号：weibo@zplay.cn的数据条数为：2

2019-08-03, 获取到当前账号：weibo@zplay.cn的数据条数为：10

2019-08-03, 获取到当前账号：weibo@zplay.cn的数据条数为：2

2019-08-03, 获取到当前账号：weibo@zplay.cn的数据条数为：2

2019-08-03, 获取到当前账号：weibo@zplay.cn的数据条数为：2

2019-08-03, 获取到当前账号：weibo@zplay.cn的数据条数为：2

2019-08-03, 获取到当前账号：weibo@zplay.cn的数据条数为：2

2019-08-03, 获取到当前账号：weibo@zplay.cn的数据条数为：2

2019-08-03, 获取到当前账号：weibo@zplay.cn的数据条数为：2

2019-08-03, 获取到当前账号：weibo@zplay.cn的数据条数为：2

2019-08-03, 获取到当前账号：weibo@zplay.cn的数据条数为：3

2019-08-03, 获取到当前账号：weibo@zplay.cn的数据条数为：2

2019-08-03, 获取到当前账号：weibo@zplay.cn的数据条数为：2

2019-08-03, 获取到当前账号：weibo@zplay.cn的数据条数为：2

2019-08-03, 获取到当前账号：weibo@zplay.cn的数据条数为：2

2019-08-03, 获取到当前账号：weibo@zplay.cn的数据条数为：2

2019-08-03, 获取到当前账号：weibo@zplay.cn的数据条数为：2

2019-08-03, 获取到当前账号：weibo@zplay.cn的数据条数为：2

2019-08-03, 获取到当前账号：weibo@zplay.cn的数据条数为：8

2019-08-03, 获取到当前账号：weibo@zplay.cn的数据条数为：2

2019-08-03, 获取到当前账号：weibo@zplay.cn的数据条数为：270

2019-08-03, 获取到当前账号：weibo@zplay.cn的数据条数为：346

2019-08-03, 获取到当前账号：weibo@zplay.cn的数据条数为：28

2019-08-03, 获取到当前账号：weibo@zplay.cn的数据条数为：26

2019-08-03, 获取到当前账号：weibo@zplay.cn的数据条数为：158

2019-08-03, 获取到当前账号：weibo@zplay.cn的数据条数为：3

2019-08-03, 获取到当前账号：weibo@zplay.cn的数据条数为：45

2019-08-03, 获取到当前账号：weibo@zplay.cn的数据条数为：2

2019-08-03, 获取到当前账号：weibo@zplay.cn的数据条数为：2

2019-08-03, 获取到当前账号：weibo@zplay.cn的数据条数为：70

2019-08-03, 获取到当前账号：weibo@zplay.cn的数据条数为：2

2019-08-03, 获取到当前账号：weibo@zplay.cn的数据条数为：6

2019-08-03, 获取到当前账号：weibo@zplay.cn的数据条数为：2

2019-08-03, 获取到当前账号：weibo@zplay.cn的数据条数为：5

2019-08-03, 获取到当前账号：weibo@zplay.cn的数据条数为：2

2019-08-03, 获取到当前账号：weibo@zplay.cn的数据条数为：716

2019-08-03, 获取到当前账号：weibo@zplay.cn的数据条数为：2

2019-08-03, 获取到当前账号：weibo@zplay.cn的数据条数为：3

2019-08-03, 获取到当前账号：weibo@zplay.cn的数据条数为：265

2019-08-03, 获取到当前账号：weibo@zplay.cn的数据条数为：28

2019-08-03, 获取到当前账号：weibo@zplay.cn的数据条数为：13

2019-08-03, 获取到当前账号：weibo@zplay.cn的数据条数为：2

2019-08-03, 获取到当前账号：weibo@zplay.cn的数据条数为：2

2019-08-03, 获取到当前账号：weibo@zplay.cn的数据条数为：3

2019-08-03, 获取到当前账号：weibo@zplay.cn的数据条数为：2

2019-08-03, 获取到当前账号：weibo@zplay.cn的数据条数为：2

2019-08-03, 获取到当前账号：weibo@zplay.cn的数据条数为：18

2019-08-03, 获取到当前账号：weibo@zplay.cn的数据条数为：2

2019-08-03, 获取到当前账号：weibo@zplay.cn的数据条数为：2

2019-08-03, 获取到当前账号：weibo@zplay.cn的数据条数为：2

2019-08-03, 获取到当前账号：weibo@zplay.cn的数据条数为：2

2019-08-03, 获取到当前账号：weibo@zplay.cn的数据条数为：2

2019-08-03, 获取到当前账号：weibo@zplay.cn的数据条数为：2

2019-08-03, 获取到当前账号：weibo@zplay.cn的数据条数为：2

2019-08-03, 获取到当前账号：weibo@zplay.cn的数据条数为：2

2019-08-03, 获取到当前账号：weibo@zplay.cn的数据条数为：2

2019-08-03, 获取到当前账号：weibo@zplay.cn的数据条数为：2

2019-08-03, 获取到当前账号：weibo@zplay.cn的数据条数为：21

2019-08-03, 获取到当前账号：weibo@zplay.cn的数据条数为：39

2019-08-03, 获取到当前账号：weibo@zplay.cn的数据条数为：86

2019-08-03, 获取到当前账号：weibo@zplay.cn的数据条数为：223

2019-08-03, 获取到当前账号：weibo@zplay.cn的数据条数为：2

2019-08-03, 获取到当前账号：weibo@zplay.cn的数据条数为：70

2019-08-03, 获取到当前账号：weibo@zplay.cn的数据条数为：2

2019-08-03, 获取到当前账号：weibo@zplay.cn的数据条数为：2

2019-08-03, 获取到当前账号：weibo@zplay.cn的数据条数为：8

2019-08-03, 获取到当前账号：noodlecake的数据条数为：2

2019-08-03, 删除当前账号：的数据条数：2498

2019-08-03, 获取到当前账号：weibo@zplay.cn的数据条数为：2

2019-08-03, 获取到当前账号：weibo@zplay.cn的数据条数为：2

2019-08-03, 获取到当前账号：weibo@zplay.cn的数据条数为：2

2019-08-03, 获取到当前账号：weibo@zplay.cn的数据条数为：2

2019-08-03, 获取到当前账号：weibo@zplay.cn的数据条数为：2

2019-08-03, 获取到当前账号：weibo@zplay.cn的数据条数为：2

2019-08-03, 获取到当前账号：weibo@zplay.cn的数据条数为：2

2019-08-03, 获取到当前账号：weibo@zplay.cn的数据条数为：2

2019-08-03, 获取到当前账号：weibo@zplay.cn的数据条数为：2

2019-08-03, 删除当前账号：的数据条数：0

2019-08-03, 获取到当前账号：weibo@zplay.cn的数据条数为：2

2019-08-03, 获取到当前账号：weibo@zplay.cn的数据条数为：10

2019-08-03, 获取到当前账号：weibo@zplay.cn的数据条数为：2

2019-08-03, 获取到当前账号：weibo@zplay.cn的数据条数为：2

2019-08-03, 获取到当前账号：weibo@zplay.cn的数据条数为：2

2019-08-03, 获取到当前账号：weibo@zplay.cn的数据条数为：2

2019-08-03, 获取到当前账号：weibo@zplay.cn的数据条数为：2

2019-08-03, 获取到当前账号：weibo@zplay.cn的数据条数为：2

2019-08-03, 获取到当前账号：weibo@zplay.cn的数据条数为：2

2019-08-03, 获取到当前账号：weibo@zplay.cn的数据条数为：2

2019-08-03, 获取到当前账号：weibo@zplay.cn的数据条数为：3

2019-08-03, 获取到当前账号：weibo@zplay.cn的数据条数为：2

2019-08-03, 获取到当前账号：weibo@zplay.cn的数据条数为：2

2019-08-03, 获取到当前账号：weibo@zplay.cn的数据条数为：2

2019-08-03, 获取到当前账号：weibo@zplay.cn的数据条数为：2

2019-08-03, 获取到当前账号：weibo@zplay.cn的数据条数为：17

2019-08-03, 获取到当前账号：weibo@zplay.cn的数据条数为：2

2019-08-03, 获取到当前账号：weibo@zplay.cn的数据条数为：118

2019-08-03, 获取到当前账号：weibo@zplay.cn的数据条数为：2

2019-08-03, 获取到当前账号：weibo@zplay.cn的数据条数为：268

2019-08-03, 获取到当前账号：weibo@zplay.cn的数据条数为：28

2019-08-03, 获取到当前账号：weibo@zplay.cn的数据条数为：24

2019-08-03, 获取到当前账号：weibo@zplay.cn的数据条数为：2

2019-08-03, 获取到当前账号：weibo@zplay.cn的数据条数为：45

2019-08-03, 获取到当前账号：weibo@zplay.cn的数据条数为：2

2019-08-03, 获取到当前账号：weibo@zplay.cn的数据条数为：2

2019-08-03, 获取到当前账号：weibo@zplay.cn的数据条数为：1089

2019-08-03, 获取到当前账号：weibo@zplay.cn的数据条数为：1091

2019-08-03, 获取到当前账号：weibo@zplay.cn的数据条数为：1095

2019-08-03, 获取到当前账号：weibo@zplay.cn的数据条数为：1094

2019-08-03, 获取到当前账号：weibo@zplay.cn的数据条数为：1093

2019-08-03, 获取到当前账号：weibo@zplay.cn的数据条数为：188

2019-08-03, 获取到当前账号：weibo@zplay.cn的数据条数为：2

2019-08-03, 获取到当前账号：weibo@zplay.cn的数据条数为：186

2019-08-03, 获取到当前账号：weibo@zplay.cn的数据条数为：11

2019-08-03, 获取到当前账号：weibo@zplay.cn的数据条数为：188

2019-08-03, 获取到当前账号：weibo@zplay.cn的数据条数为：189

2019-08-03, 获取到当前账号：weibo@zplay.cn的数据条数为：1

2019-08-03, 获取到当前账号：weibo@zplay.cn的数据条数为：186

2019-08-03, 获取到当前账号：weibo@zplay.cn的数据条数为：186

2019-08-03, 获取到当前账号：weibo@zplay.cn的数据条数为：186

2019-08-03, 获取到当前账号：weibo@zplay.cn的数据条数为：2

2019-08-03, 获取到当前账号：weibo@zplay.cn的数据条数为：425

2019-08-03, 获取到当前账号：weibo@zplay.cn的数据条数为：186

2019-08-03, 获取到当前账号：weibo@zplay.cn的数据条数为：12

2019-08-03, 获取到当前账号：weibo@zplay.cn的数据条数为：227

2019-08-03, 获取到当前账号：weibo@zplay.cn的数据条数为：204

2019-08-03, 获取到当前账号：weibo@zplay.cn的数据条数为：635

2019-08-03, 获取到当前账号：weibo@zplay.cn的数据条数为：457

2019-08-03, 获取到当前账号：weibo@zplay.cn的数据条数为：188

2019-08-03, 获取到当前账号：weibo@zplay.cn的数据条数为：188

2019-08-03, 获取到当前账号：weibo@zplay.cn的数据条数为：186

2019-08-03, 获取到当前账号：weibo@zplay.cn的数据条数为：186

2019-08-03, 获取到当前账号：weibo@zplay.cn的数据条数为：186

2019-08-03, 获取到当前账号：weibo@zplay.cn的数据条数为：188

2019-08-03, 获取到当前账号：weibo@zplay.cn的数据条数为：188

2019-08-03, 获取到当前账号：weibo@zplay.cn的数据条数为：186

2019-08-03, 获取到当前账号：weibo@zplay.cn的数据条数为：188

2019-08-03, 获取到当前账号：weibo@zplay.cn的数据条数为：2

2019-08-03, 删除当前账号：weibo@zplay.cn的数据条数：0

2019-08-03, 获取到当前账号：weibo@zplay.cn的数据条数为：10

2019-08-03, 删除当前账号：weibo@zplay.cn的数据条数：0

2019-08-03, 获取到当前账号：weibo@zplay.cn的数据条数为：2

2019-08-03, 删除当前账号：weibo@zplay.cn的数据条数：0

2019-08-03, 获取到当前账号：weibo@zplay.cn的数据条数为：2

2019-08-03, 删除当前账号：weibo@zplay.cn的数据条数：0

2019-08-03, 获取到当前账号：weibo@zplay.cn的数据条数为：2

2019-08-03, 删除当前账号：weibo@zplay.cn的数据条数：0

2019-08-03, 获取到当前账号：weibo@zplay.cn的数据条数为：2

2019-08-03, 删除当前账号：weibo@zplay.cn的数据条数：0

2019-08-03, 获取到当前账号：weibo@zplay.cn的数据条数为：2

2019-08-03, 删除当前账号：weibo@zplay.cn的数据条数：0

2019-08-03, 获取到当前账号：weibo@zplay.cn的数据条数为：2

2019-08-03, 删除当前账号：weibo@zplay.cn的数据条数：0

2019-08-03, 获取到当前账号：weibo@zplay.cn的数据条数为：2

2019-08-03, 删除当前账号：weibo@zplay.cn的数据条数：0

2019-08-03, 获取到当前账号：weibo@zplay.cn的数据条数为：2

2019-08-03, 删除当前账号：weibo@zplay.cn的数据条数：0

2019-08-03, 获取到当前账号：weibo@zplay.cn的数据条数为：3

2019-08-03, 删除当前账号：weibo@zplay.cn的数据条数：0

2019-08-03, 获取到当前账号：weibo@zplay.cn的数据条数为：2

2019-08-03, 删除当前账号：weibo@zplay.cn的数据条数：0

2019-08-03, 获取到当前账号：weibo@zplay.cn的数据条数为：2

2019-08-03, 删除当前账号：weibo@zplay.cn的数据条数：0

2019-08-03, 获取到当前账号：weibo@zplay.cn的数据条数为：2

2019-08-03, 删除当前账号：weibo@zplay.cn的数据条数：0

2019-08-03, 获取到当前账号：weibo@zplay.cn的数据条数为：2

2019-08-03, 删除当前账号：weibo@zplay.cn的数据条数：0

2019-08-03, 获取到当前账号：weibo@zplay.cn的数据条数为：2

2019-08-03, 删除当前账号：weibo@zplay.cn的数据条数：0

2019-08-03, 获取到当前账号：weibo@zplay.cn的数据条数为：17

2019-08-03, 删除当前账号：weibo@zplay.cn的数据条数：0

2019-08-03, 获取到当前账号：weibo@zplay.cn的数据条数为：10

2019-08-03, 删除当前账号：weibo@zplay.cn的数据条数：0

2019-08-03, 获取到当前账号：weibo@zplay.cn的数据条数为：120

2019-08-03, 删除当前账号：weibo@zplay.cn的数据条数：0

2019-08-03, 获取到当前账号：weibo@zplay.cn的数据条数为：2

2019-08-03, 删除当前账号：weibo@zplay.cn的数据条数：0

2019-08-03, 获取到当前账号：weibo@zplay.cn的数据条数为：270

2019-08-03, 删除当前账号：weibo@zplay.cn的数据条数：0

2019-08-03, 获取到当前账号：weibo@zplay.cn的数据条数为：344

2019-08-03, 删除当前账号：weibo@zplay.cn的数据条数：0

2019-08-03, 获取到当前账号：weibo@zplay.cn的数据条数为：28

2019-08-03, 删除当前账号：weibo@zplay.cn的数据条数：0

2019-08-03, 获取到当前账号：weibo@zplay.cn的数据条数为：26

2019-08-03, 删除当前账号：weibo@zplay.cn的数据条数：0

2019-08-03, 获取到当前账号：weibo@zplay.cn的数据条数为：158

2019-08-03, 删除当前账号：weibo@zplay.cn的数据条数：0

2019-08-03, 获取到当前账号：weibo@zplay.cn的数据条数为：3

2019-08-03, 删除当前账号：weibo@zplay.cn的数据条数：0

2019-08-03, 获取到当前账号：weibo@zplay.cn的数据条数为：45

2019-08-03, 删除当前账号：weibo@zplay.cn的数据条数：0

2019-08-03, 获取到当前账号：weibo@zplay.cn的数据条数为：2

2019-08-03, 删除当前账号：weibo@zplay.cn的数据条数：0

2019-08-03, 获取到当前账号：weibo@zplay.cn的数据条数为：2

2019-08-03, 删除当前账号：weibo@zplay.cn的数据条数：0

2019-08-03, 获取到当前账号：weibo@zplay.cn的数据条数为：70

2019-08-03, 删除当前账号：weibo@zplay.cn的数据条数：0

2019-08-03, 获取到当前账号：weibo@zplay.cn的数据条数为：2

2019-08-03, 删除当前账号：weibo@zplay.cn的数据条数：0

2019-08-03, 获取到当前账号：weibo@zplay.cn的数据条数为：2

2019-08-03, 删除当前账号：weibo@zplay.cn的数据条数：0

2019-08-03, 获取到当前账号：weibo@zplay.cn的数据条数为：4

2019-08-03, 删除当前账号：weibo@zplay.cn的数据条数：0

2019-08-03, 获取到当前账号：weibo@zplay.cn的数据条数为：2

2019-08-03, 删除当前账号：weibo@zplay.cn的数据条数：0

2019-08-03, 获取到当前账号：weibo@zplay.cn的数据条数为：5

2019-08-03, 删除当前账号：weibo@zplay.cn的数据条数：0

2019-08-03, 获取到当前账号：weibo@zplay.cn的数据条数为：716

2019-08-03, 删除当前账号：weibo@zplay.cn的数据条数：0

2019-08-03, 获取到当前账号：weibo@zplay.cn的数据条数为：188

2019-08-03, 删除当前账号：weibo@zplay.cn的数据条数：0

2019-08-03, 获取到当前账号：weibo@zplay.cn的数据条数为：2

2019-08-03, 删除当前账号：weibo@zplay.cn的数据条数：0

2019-08-03, 获取到当前账号：weibo@zplay.cn的数据条数为：3

2019-08-03, 删除当前账号：weibo@zplay.cn的数据条数：0

2019-08-03, 获取到当前账号：weibo@zplay.cn的数据条数为：28

2019-08-03, 删除当前账号：weibo@zplay.cn的数据条数：0

2019-08-03, 获取到当前账号：weibo@zplay.cn的数据条数为：13

2019-08-03, 删除当前账号：weibo@zplay.cn的数据条数：0

2019-08-03, 获取到当前账号：weibo@zplay.cn的数据条数为：83

2019-08-03, 删除当前账号：weibo@zplay.cn的数据条数：0

2019-08-03, 获取到当前账号：weibo@zplay.cn的数据条数为：3

2019-08-03, 删除当前账号：weibo@zplay.cn的数据条数：0

2019-08-03, 获取到当前账号：weibo@zplay.cn的数据条数为：3

2019-08-03, 删除当前账号：weibo@zplay.cn的数据条数：0

2019-08-03, 获取到当前账号：weibo@zplay.cn的数据条数为：2

2019-08-03, 删除当前账号：weibo@zplay.cn的数据条数：0

2019-08-03, 获取到当前账号：weibo@zplay.cn的数据条数为：2

2019-08-03, 删除当前账号：weibo@zplay.cn的数据条数：0

2019-08-03, 获取到当前账号：weibo@zplay.cn的数据条数为：2

2019-08-03, 删除当前账号：weibo@zplay.cn的数据条数：0

2019-08-03, 获取到当前账号：weibo@zplay.cn的数据条数为：18

2019-08-03, 删除当前账号：weibo@zplay.cn的数据条数：0

2019-08-03, 获取到当前账号：weibo@zplay.cn的数据条数为：241

2019-08-03, 删除当前账号：weibo@zplay.cn的数据条数：0

2019-08-03, 获取到当前账号：weibo@zplay.cn的数据条数为：2

2019-08-03, 删除当前账号：weibo@zplay.cn的数据条数：0

2019-08-03, 获取到当前账号：weibo@zplay.cn的数据条数为：2

2019-08-03, 删除当前账号：weibo@zplay.cn的数据条数：0

2019-08-03, 获取到当前账号：weibo@zplay.cn的数据条数为：14

2019-08-03, 删除当前账号：weibo@zplay.cn的数据条数：0

2019-08-03, 获取到当前账号：weibo@zplay.cn的数据条数为：953

2019-08-03, 删除当前账号：weibo@zplay.cn的数据条数：0

2019-08-03, 获取到当前账号：weibo@zplay.cn的数据条数为：41

2019-08-03, 删除当前账号：weibo@zplay.cn的数据条数：0

2019-08-03, 获取到当前账号：weibo@zplay.cn的数据条数为：18

2019-08-03, 删除当前账号：weibo@zplay.cn的数据条数：0

2019-08-03, 获取到当前账号：weibo@zplay.cn的数据条数为：2

2019-08-03, 删除当前账号：weibo@zplay.cn的数据条数：0

2019-08-03, 获取到当前账号：weibo@zplay.cn的数据条数为：2

2019-08-03, 删除当前账号：weibo@zplay.cn的数据条数：0

2019-08-03, 获取到当前账号：weibo@zplay.cn的数据条数为：2

2019-08-03, 删除当前账号：weibo@zplay.cn的数据条数：0

2019-08-03, 获取到当前账号：weibo@zplay.cn的数据条数为：2

2019-08-03, 删除当前账号：weibo@zplay.cn的数据条数：0

2019-08-03, 获取到当前账号：weibo@zplay.cn的数据条数为：2

2019-08-03, 删除当前账号：weibo@zplay.cn的数据条数：0

2019-08-03, 获取到当前账号：weibo@zplay.cn的数据条数为：2

2019-08-03, 删除当前账号：weibo@zplay.cn的数据条数：0

2019-08-03, 获取到当前账号：weibo@zplay.cn的数据条数为：2

2019-08-03, 删除当前账号：weibo@zplay.cn的数据条数：0

2019-08-03, 获取到当前账号：weibo@zplay.cn的数据条数为：2

2019-08-03, 删除当前账号：weibo@zplay.cn的数据条数：0

2019-08-03, 获取到当前账号：weibo@zplay.cn的数据条数为：2

2019-08-03, 删除当前账号：weibo@zplay.cn的数据条数：0

2019-08-03, 获取到当前账号：weibo@zplay.cn的数据条数为：2

2019-08-03, 删除当前账号：weibo@zplay.cn的数据条数：0

2019-08-03, 获取到当前账号：weibo@zplay.cn的数据条数为：2

2019-08-03, 删除当前账号：weibo@zplay.cn的数据条数：0

2019-08-03, 获取到当前账号：weibo@zplay.cn的数据条数为：21

2019-08-03, 删除当前账号：weibo@zplay.cn的数据条数：0

2019-08-03, 获取到当前账号：weibo@zplay.cn的数据条数为：39

2019-08-03, 删除当前账号：weibo@zplay.cn的数据条数：0

2019-08-03, 获取到当前账号：weibo@zplay.cn的数据条数为：88

2019-08-03, 删除当前账号：weibo@zplay.cn的数据条数：0

2019-08-03, 获取到当前账号：weibo@zplay.cn的数据条数为：2

2019-08-03, 删除当前账号：weibo@zplay.cn的数据条数：0

2019-08-03, 获取到当前账号：weibo@zplay.cn的数据条数为：72

2019-08-03, 删除当前账号：weibo@zplay.cn的数据条数：0

2019-08-03, 获取到当前账号：weibo@zplay.cn的数据条数为：2

2019-08-03, 删除当前账号：weibo@zplay.cn的数据条数：0

2019-08-03, 获取到当前账号：weibo@zplay.cn的数据条数为：2

2019-08-03, 删除当前账号：weibo@zplay.cn的数据条数：0

2019-08-03, 获取到当前账号：weibo@zplay.cn的数据条数为：8

2019-08-03, 删除当前账号：weibo@zplay.cn的数据条数：0

2019-08-03, 获取到当前账号：noodlecake的数据条数为：2

2019-08-03, 删除当前账号：noodlecake的数据条数：0

2019-08-03, 获取到当前账号：weibo@zplay.cn的数据条数为：2

2019-08-03, 删除当前账号：weibo@zplay.cn的数据条数：110

2019-08-03, 获取到当前账号：weibo@zplay.cn的数据条数为：10

2019-08-03, 删除当前账号：weibo@zplay.cn的数据条数：0

2019-08-03, 获取到当前账号：weibo@zplay.cn的数据条数为：2

2019-08-03, 删除当前账号：weibo@zplay.cn的数据条数：0

2019-08-03, 获取到当前账号：weibo@zplay.cn的数据条数为：2

2019-08-03, 删除当前账号：weibo@zplay.cn的数据条数：0

2019-08-03, 获取到当前账号：weibo@zplay.cn的数据条数为：2

2019-08-03, 删除当前账号：weibo@zplay.cn的数据条数：0

2019-08-03, 获取到当前账号：weibo@zplay.cn的数据条数为：2

2019-08-03, 删除当前账号：weibo@zplay.cn的数据条数：0

2019-08-03, 获取到当前账号：weibo@zplay.cn的数据条数为：2

2019-08-03, 删除当前账号：weibo@zplay.cn的数据条数：0

2019-08-03, 获取到当前账号：weibo@zplay.cn的数据条数为：2

2019-08-03, 删除当前账号：weibo@zplay.cn的数据条数：0

2019-08-03, 获取到当前账号：weibo@zplay.cn的数据条数为：2

2019-08-03, 删除当前账号：weibo@zplay.cn的数据条数：0

2019-08-03, 获取到当前账号：weibo@zplay.cn的数据条数为：2

2019-08-03, 删除当前账号：weibo@zplay.cn的数据条数：0

2019-08-03, 获取到当前账号：weibo@zplay.cn的数据条数为：1

2019-08-03, 删除当前账号：weibo@zplay.cn的数据条数：0

2019-08-03, 获取到当前账号：weibo@zplay.cn的数据条数为：2

2019-08-03, 删除当前账号：weibo@zplay.cn的数据条数：0

2019-08-03, 获取到当前账号：weibo@zplay.cn的数据条数为：2

2019-08-03, 删除当前账号：weibo@zplay.cn的数据条数：0

2019-08-03, 获取到当前账号：weibo@zplay.cn的数据条数为：2

2019-08-03, 删除当前账号：weibo@zplay.cn的数据条数：0

2019-08-03, 获取到当前账号：weibo@zplay.cn的数据条数为：2

2019-08-03, 删除当前账号：weibo@zplay.cn的数据条数：0

2019-08-03, 获取到当前账号：weibo@zplay.cn的数据条数为：15

2019-08-03, 删除当前账号：weibo@zplay.cn的数据条数：0

2019-08-03, 获取到当前账号：weibo@zplay.cn的数据条数为：10

2019-08-03, 删除当前账号：weibo@zplay.cn的数据条数：8

2019-08-03, 获取到当前账号：weibo@zplay.cn的数据条数为：270

2019-08-03, 删除当前账号：weibo@zplay.cn的数据条数：268

2019-08-03, 获取到当前账号：weibo@zplay.cn的数据条数为：344

2019-08-03, 删除当前账号：weibo@zplay.cn的数据条数：344

2019-08-03, 获取到当前账号：weibo@zplay.cn的数据条数为：26

2019-08-03, 删除当前账号：weibo@zplay.cn的数据条数：24

2019-08-03, 获取到当前账号：weibo@zplay.cn的数据条数为：158

2019-08-03, 删除当前账号：weibo@zplay.cn的数据条数：156

2019-08-03, 获取到当前账号：weibo@zplay.cn的数据条数为：1

2019-08-03, 删除当前账号：weibo@zplay.cn的数据条数：1

2019-08-03, 获取到当前账号：weibo@zplay.cn的数据条数为：45

2019-08-03, 删除当前账号：weibo@zplay.cn的数据条数：43

2019-08-03, 获取到当前账号：weibo@zplay.cn的数据条数为：2

2019-08-03, 删除当前账号：weibo@zplay.cn的数据条数：0

2019-08-03, 获取到当前账号：weibo@zplay.cn的数据条数为：2

2019-08-03, 删除当前账号：weibo@zplay.cn的数据条数：0

2019-08-03, 获取到当前账号：weibo@zplay.cn的数据条数为：68

2019-08-03, 删除当前账号：weibo@zplay.cn的数据条数：68

2019-08-03, 获取到当前账号：weibo@zplay.cn的数据条数为：15

2019-08-03, 删除当前账号：weibo@zplay.cn的数据条数：0

2019-08-03, 获取到当前账号：weibo@zplay.cn的数据条数为：2

2019-08-03, 删除当前账号：weibo@zplay.cn的数据条数：34

2019-08-03, 获取到当前账号：weibo@zplay.cn的数据条数为：10

2019-08-03, 删除当前账号：weibo@zplay.cn的数据条数：0

2019-08-03, 获取到当前账号：weibo@zplay.cn的数据条数为：2

2019-08-03, 删除当前账号：weibo@zplay.cn的数据条数：0

2019-08-03, 获取到当前账号：weibo@zplay.cn的数据条数为：2

2019-08-03, 删除当前账号：weibo@zplay.cn的数据条数：0

2019-08-03, 获取到当前账号：weibo@zplay.cn的数据条数为：2

2019-08-03, 删除当前账号：weibo@zplay.cn的数据条数：0

2019-08-03, 获取到当前账号：weibo@zplay.cn的数据条数为：8

2019-08-03, 删除当前账号：weibo@zplay.cn的数据条数：8

2019-08-03, 获取到当前账号：weibo@zplay.cn的数据条数为：8

2019-08-03, 删除当前账号：weibo@zplay.cn的数据条数：0

2019-08-03, 获取到当前账号：weibo@zplay.cn的数据条数为：2

2019-08-03, 获取到当前账号：weibo@zplay.cn的数据条数为：2

2019-08-03, 删除当前账号：weibo@zplay.cn的数据条数：4

2019-08-03, 获取到当前账号：weibo@zplay.cn的数据条数为：8

2019-08-03, 删除当前账号：weibo@zplay.cn的数据条数：0

2019-08-03, 获取到当前账号：weibo@zplay.cn的数据条数为：1

2019-08-03, 删除当前账号：weibo@zplay.cn的数据条数：0

2019-08-03, 获取到当前账号：weibo@zplay.cn的数据条数为：15

2019-08-03, 删除当前账号：weibo@zplay.cn的数据条数：0

2019-08-03, 获取到当前账号：weibo@zplay.cn的数据条数为：8

2019-08-03, 获取到当前账号：weibo@zplay.cn的数据条数为：2

2019-08-03, 删除当前账号：weibo@zplay.cn的数据条数：0

2019-08-03, 获取到当前账号：weibo@zplay.cn的数据条数为：1

2019-08-03, 删除当前账号：weibo@zplay.cn的数据条数：0

2019-08-03, 获取到当前账号：weibo@zplay.cn的数据条数为：15

2019-08-03, 删除当前账号：weibo@zplay.cn的数据条数：0

2019-08-03, 获取到当前账号：weibo@zplay.cn的数据条数为：8

2019-08-03, 删除当前账号：weibo@zplay.cn的数据条数：0

2019-08-03, 获取到当前账号：weibo@zplay.cn的数据条数为：118

2019-08-03, 删除当前账号：weibo@zplay.cn的数据条数：0

2019-08-03, 获取到当前账号：weibo@zplay.cn的数据条数为：268

2019-08-03, 删除当前账号：weibo@zplay.cn的数据条数：0

2019-08-03, 获取到当前账号：weibo@zplay.cn的数据条数为：344

2019-08-03, 删除当前账号：weibo@zplay.cn的数据条数：0

2019-08-03, 获取到当前账号：weibo@zplay.cn的数据条数为：26

2019-08-03, 删除当前账号：weibo@zplay.cn的数据条数：0

2019-08-03, 获取到当前账号：weibo@zplay.cn的数据条数为：24

2019-08-03, 删除当前账号：weibo@zplay.cn的数据条数：0

2019-08-03, 获取到当前账号：weibo@zplay.cn的数据条数为：156

2019-08-03, 删除当前账号：weibo@zplay.cn的数据条数：0

2019-08-03, 获取到当前账号：weibo@zplay.cn的数据条数为：1

2019-08-03, 删除当前账号：weibo@zplay.cn的数据条数：0

2019-08-03, 获取到当前账号：weibo@zplay.cn的数据条数为：43

2019-08-03, 删除当前账号：weibo@zplay.cn的数据条数：0

2019-08-03, 获取到当前账号：weibo@zplay.cn的数据条数为：68

2019-08-03, 删除当前账号：weibo@zplay.cn的数据条数：0

2019-08-03, 获取到当前账号：weibo@zplay.cn的数据条数为：1089

2019-08-03, 删除当前账号：weibo@zplay.cn的数据条数：0

2019-08-03, 获取到当前账号：weibo@zplay.cn的数据条数为：24

2019-08-03, 删除当前账号：weibo@zplay.cn的数据条数：0

2019-08-03, 获取到当前账号：weibo@zplay.cn的数据条数为：4

2019-08-03, 删除当前账号：weibo@zplay.cn的数据条数：0

2019-08-03, 获取到当前账号：weibo@zplay.cn的数据条数为：3

2019-08-03, 删除当前账号：weibo@zplay.cn的数据条数：0

2019-08-03, 获取到当前账号：weibo@zplay.cn的数据条数为：2

2019-08-03, 删除当前账号：weibo@zplay.cn的数据条数：0

2019-08-03, 获取到当前账号：weibo@zplay.cn的数据条数为：714

2019-08-03, 删除当前账号：weibo@zplay.cn的数据条数：0

2019-08-03, 获取到当前账号：weibo@zplay.cn的数据条数为：186

2019-08-03, 删除当前账号：weibo@zplay.cn的数据条数：0

2019-08-03, 获取到当前账号：weibo@zplay.cn的数据条数为：1

2019-08-03, 删除当前账号：weibo@zplay.cn的数据条数：0

2019-08-03, 获取到当前账号：weibo@zplay.cn的数据条数为：263

2019-08-03, 删除当前账号：weibo@zplay.cn的数据条数：0

2019-08-03, 获取到当前账号：weibo@zplay.cn的数据条数为：26

2019-08-03, 删除当前账号：weibo@zplay.cn的数据条数：0

2019-08-03, 获取到当前账号：weibo@zplay.cn的数据条数为：11

2019-08-03, 删除当前账号：weibo@zplay.cn的数据条数：0

2019-08-03, 获取到当前账号：weibo@zplay.cn的数据条数为：81

2019-08-03, 删除当前账号：weibo@zplay.cn的数据条数：0

2019-08-03, 获取到当前账号：weibo@zplay.cn的数据条数为：1

2019-08-03, 删除当前账号：weibo@zplay.cn的数据条数：0

2019-08-03, 获取到当前账号：weibo@zplay.cn的数据条数为：1

2019-08-03, 删除当前账号：weibo@zplay.cn的数据条数：0

2019-08-03, 获取到当前账号：weibo@zplay.cn的数据条数为：16

2019-08-03, 删除当前账号：weibo@zplay.cn的数据条数：0

2019-08-03, 获取到当前账号：weibo@zplay.cn的数据条数为：239

2019-08-03, 删除当前账号：weibo@zplay.cn的数据条数：0

2019-08-03, 获取到当前账号：weibo@zplay.cn的数据条数为：12

2019-08-03, 删除当前账号：weibo@zplay.cn的数据条数：0

2019-08-03, 获取到当前账号：weibo@zplay.cn的数据条数为：951

2019-08-03, 删除当前账号：weibo@zplay.cn的数据条数：0

2019-08-03, 获取到当前账号：weibo@zplay.cn的数据条数为：39

2019-08-03, 删除当前账号：weibo@zplay.cn的数据条数：0

2019-08-03, 获取到当前账号：weibo@zplay.cn的数据条数为：16

2019-08-03, 删除当前账号：weibo@zplay.cn的数据条数：0

2019-08-03, 获取到当前账号：weibo@zplay.cn的数据条数为：447

2019-08-03, 删除当前账号：weibo@zplay.cn的数据条数：0

2019-08-03, 获取到当前账号：weibo@zplay.cn的数据条数为：269

2019-08-03, 删除当前账号：weibo@zplay.cn的数据条数：0

2019-08-03, 获取到当前账号：weibo@zplay.cn的数据条数为：19

2019-08-03, 删除当前账号：weibo@zplay.cn的数据条数：0

2019-08-03, 获取到当前账号：weibo@zplay.cn的数据条数为：37

2019-08-03, 删除当前账号：weibo@zplay.cn的数据条数：0

2019-08-03, 获取到当前账号：weibo@zplay.cn的数据条数为：221

2019-08-03, 删除当前账号：weibo@zplay.cn的数据条数：0

2019-08-03, 获取到当前账号：weibo@zplay.cn的数据条数为：6

2019-08-03, 删除当前账号：weibo@zplay.cn的数据条数：0

2019-08-06, 获取到当前账号：weibo@zplay.cn的数据条数为：3

2019-08-06, 删除当前账号：weibo@zplay.cn的数据条数：0

2019-08-06, 获取到当前账号：weibo@zplay.cn的数据条数为：15

2019-08-06, 删除当前账号：weibo@zplay.cn的数据条数：0

2019-08-06, 获取到当前账号：weibo@zplay.cn的数据条数为：7

2019-08-06, 删除当前账号：weibo@zplay.cn的数据条数：0

2019-08-06, 获取到当前账号：weibo@zplay.cn的数据条数为：230

2019-08-06, 删除当前账号：weibo@zplay.cn的数据条数：0

2019-08-06, 获取到当前账号：weibo@zplay.cn的数据条数为：314

2019-08-06, 删除当前账号：weibo@zplay.cn的数据条数：0

2019-08-06, 获取到当前账号：weibo@zplay.cn的数据条数为：35

2019-08-06, 删除当前账号：weibo@zplay.cn的数据条数：0

2019-08-06, 获取到当前账号：weibo@zplay.cn的数据条数为：16

2019-08-06, 删除当前账号：weibo@zplay.cn的数据条数：0

2019-08-06, 获取到当前账号：weibo@zplay.cn的数据条数为：133

2019-08-06, 删除当前账号：weibo@zplay.cn的数据条数：0

2019-08-06, 获取到当前账号：weibo@zplay.cn的数据条数为：1

2019-08-06, 删除当前账号：weibo@zplay.cn的数据条数：0

2019-08-06, 获取到当前账号：weibo@zplay.cn的数据条数为：37

2019-08-06, 删除当前账号：weibo@zplay.cn的数据条数：0

2019-08-06, 获取到当前账号：weibo@zplay.cn的数据条数为：56

2019-08-06, 删除当前账号：weibo@zplay.cn的数据条数：0

2019-08-06, 获取到当前账号：weibo@zplay.cn的数据条数为：1011

2019-08-06, 删除当前账号：weibo@zplay.cn的数据条数：0

2019-08-06, 获取到当前账号：weibo@zplay.cn的数据条数为：16

2019-08-06, 删除当前账号：weibo@zplay.cn的数据条数：0

2019-08-06, 获取到当前账号：weibo@zplay.cn的数据条数为：4

2019-08-06, 删除当前账号：weibo@zplay.cn的数据条数：0

2019-08-06, 获取到当前账号：weibo@zplay.cn的数据条数为：2

2019-08-06, 删除当前账号：weibo@zplay.cn的数据条数：0

2019-08-06, 获取到当前账号：weibo@zplay.cn的数据条数为：716

2019-08-06, 删除当前账号：weibo@zplay.cn的数据条数：0

2019-08-06, 获取到当前账号：weibo@zplay.cn的数据条数为：174

2019-08-06, 删除当前账号：weibo@zplay.cn的数据条数：0

2019-08-06, 获取到当前账号：weibo@zplay.cn的数据条数为：1

2019-08-06, 删除当前账号：weibo@zplay.cn的数据条数：0

2019-08-06, 获取到当前账号：weibo@zplay.cn的数据条数为：250

2019-08-06, 删除当前账号：weibo@zplay.cn的数据条数：0

2019-08-06, 获取到当前账号：weibo@zplay.cn的数据条数为：24

2019-08-06, 删除当前账号：weibo@zplay.cn的数据条数：0

2019-08-06, 获取到当前账号：weibo@zplay.cn的数据条数为：9

2019-08-06, 删除当前账号：weibo@zplay.cn的数据条数：0

2019-08-06, 获取到当前账号：weibo@zplay.cn的数据条数为：81

2019-08-06, 删除当前账号：weibo@zplay.cn的数据条数：0

2019-08-06, 获取到当前账号：weibo@zplay.cn的数据条数为：2

2019-08-06, 删除当前账号：weibo@zplay.cn的数据条数：0

2019-08-06, 获取到当前账号：weibo@zplay.cn的数据条数为：13

2019-08-06, 删除当前账号：weibo@zplay.cn的数据条数：0

2019-08-06, 获取到当前账号：weibo@zplay.cn的数据条数为：224

2019-08-06, 删除当前账号：weibo@zplay.cn的数据条数：0

2019-08-06, 获取到当前账号：weibo@zplay.cn的数据条数为：8

2019-08-06, 删除当前账号：weibo@zplay.cn的数据条数：0

2019-08-06, 获取到当前账号：weibo@zplay.cn的数据条数为：878

2019-08-06, 删除当前账号：weibo@zplay.cn的数据条数：0

2019-08-06, 获取到当前账号：weibo@zplay.cn的数据条数为：22

2019-08-06, 删除当前账号：weibo@zplay.cn的数据条数：0

2019-08-06, 获取到当前账号：weibo@zplay.cn的数据条数为：16

2019-08-06, 删除当前账号：weibo@zplay.cn的数据条数：0

2019-08-06, 获取到当前账号：weibo@zplay.cn的数据条数为：466

2019-08-06, 删除当前账号：weibo@zplay.cn的数据条数：0

2019-08-06, 获取到当前账号：weibo@zplay.cn的数据条数为：260

2019-08-06, 删除当前账号：weibo@zplay.cn的数据条数：0

2019-08-06, 获取到当前账号：weibo@zplay.cn的数据条数为：8

2019-08-06, 删除当前账号：weibo@zplay.cn的数据条数：0

2019-08-06, 获取到当前账号：weibo@zplay.cn的数据条数为：25

2019-08-06, 删除当前账号：weibo@zplay.cn的数据条数：0

2019-08-06, 获取到当前账号：weibo@zplay.cn的数据条数为：73

2019-08-06, 删除当前账号：weibo@zplay.cn的数据条数：0

2019-08-06, 获取到当前账号：weibo@zplay.cn的数据条数为：210

2019-08-06, 删除当前账号：weibo@zplay.cn的数据条数：0

2019-08-06, 获取到当前账号：weibo@zplay.cn的数据条数为：72

2019-08-06, 删除当前账号：weibo@zplay.cn的数据条数：0

2019-08-06, 获取到当前账号：weibo@zplay.cn的数据条数为：3

2019-08-06, 删除当前账号：weibo@zplay.cn的数据条数：0

2019-08-04, 获取到当前账号：weibo@zplay.cn的数据条数为：4

2019-08-04, 删除当前账号：weibo@zplay.cn的数据条数：0

2019-08-04, 获取到当前账号：weibo@zplay.cn的数据条数为：2

2019-08-04, 删除当前账号：weibo@zplay.cn的数据条数：0

2019-08-04, 获取到当前账号：weibo@zplay.cn的数据条数为：11

2019-08-04, 删除当前账号：weibo@zplay.cn的数据条数：0

2019-08-04, 获取到当前账号：weibo@zplay.cn的数据条数为：10

2019-08-04, 删除当前账号：weibo@zplay.cn的数据条数：0

2019-08-04, 获取到当前账号：weibo@zplay.cn的数据条数为：124

2019-08-04, 删除当前账号：weibo@zplay.cn的数据条数：0

2019-08-04, 获取到当前账号：weibo@zplay.cn的数据条数为：266

2019-08-04, 删除当前账号：weibo@zplay.cn的数据条数：0

2019-08-04, 获取到当前账号：weibo@zplay.cn的数据条数为：313

2019-08-04, 删除当前账号：weibo@zplay.cn的数据条数：0

2019-08-04, 获取到当前账号：weibo@zplay.cn的数据条数为：30

2019-08-04, 删除当前账号：weibo@zplay.cn的数据条数：0

2019-08-04, 获取到当前账号：weibo@zplay.cn的数据条数为：25

2019-08-04, 删除当前账号：weibo@zplay.cn的数据条数：0

2019-08-04, 获取到当前账号：weibo@zplay.cn的数据条数为：153

2019-08-04, 删除当前账号：weibo@zplay.cn的数据条数：0

2019-08-04, 获取到当前账号：weibo@zplay.cn的数据条数为：44

2019-08-04, 删除当前账号：weibo@zplay.cn的数据条数：0

2019-08-04, 获取到当前账号：weibo@zplay.cn的数据条数为：2

2019-08-04, 删除当前账号：weibo@zplay.cn的数据条数：0

2019-08-04, 获取到当前账号：weibo@zplay.cn的数据条数为：68

2019-08-04, 删除当前账号：weibo@zplay.cn的数据条数：0

2019-08-04, 获取到当前账号：weibo@zplay.cn的数据条数为：1067

2019-08-04, 删除当前账号：weibo@zplay.cn的数据条数：0

2019-08-04, 获取到当前账号：weibo@zplay.cn的数据条数为：35

2019-08-04, 删除当前账号：weibo@zplay.cn的数据条数：0

2019-08-04, 获取到当前账号：weibo@zplay.cn的数据条数为：2

2019-08-04, 删除当前账号：weibo@zplay.cn的数据条数：0

2019-08-04, 获取到当前账号：weibo@zplay.cn的数据条数为：2

2019-08-04, 删除当前账号：weibo@zplay.cn的数据条数：0

2019-08-04, 获取到当前账号：weibo@zplay.cn的数据条数为：2

2019-08-04, 删除当前账号：weibo@zplay.cn的数据条数：0

2019-08-04, 获取到当前账号：weibo@zplay.cn的数据条数为：2

2019-08-04, 删除当前账号：weibo@zplay.cn的数据条数：0

2019-08-04, 获取到当前账号：weibo@zplay.cn的数据条数为：761

2019-08-04, 删除当前账号：weibo@zplay.cn的数据条数：0

2019-08-04, 获取到当前账号：weibo@zplay.cn的数据条数为：178

2019-08-04, 删除当前账号：weibo@zplay.cn的数据条数：0

2019-08-04, 获取到当前账号：weibo@zplay.cn的数据条数为：1

2019-08-04, 删除当前账号：weibo@zplay.cn的数据条数：0

2019-08-04, 获取到当前账号：weibo@zplay.cn的数据条数为：268

2019-08-04, 删除当前账号：weibo@zplay.cn的数据条数：0

2019-08-04, 获取到当前账号：weibo@zplay.cn的数据条数为：30

2019-08-04, 删除当前账号：weibo@zplay.cn的数据条数：0

2019-08-04, 获取到当前账号：weibo@zplay.cn的数据条数为：9

2019-08-04, 删除当前账号：weibo@zplay.cn的数据条数：0

2019-08-04, 获取到当前账号：weibo@zplay.cn的数据条数为：81

2019-08-04, 删除当前账号：weibo@zplay.cn的数据条数：0

2019-08-04, 获取到当前账号：weibo@zplay.cn的数据条数为：1

2019-08-04, 删除当前账号：weibo@zplay.cn的数据条数：0

2019-08-04, 获取到当前账号：weibo@zplay.cn的数据条数为：4

2019-08-04, 删除当前账号：weibo@zplay.cn的数据条数：0

2019-08-04, 获取到当前账号：weibo@zplay.cn的数据条数为：20

2019-08-04, 删除当前账号：weibo@zplay.cn的数据条数：0

2019-08-04, 获取到当前账号：weibo@zplay.cn的数据条数为：237

2019-08-04, 删除当前账号：weibo@zplay.cn的数据条数：0

2019-08-04, 获取到当前账号：weibo@zplay.cn的数据条数为：10

2019-08-04, 删除当前账号：weibo@zplay.cn的数据条数：0

2019-08-04, 获取到当前账号：weibo@zplay.cn的数据条数为：930

2019-08-04, 删除当前账号：weibo@zplay.cn的数据条数：0

2019-08-04, 获取到当前账号：weibo@zplay.cn的数据条数为：34

2019-08-04, 删除当前账号：weibo@zplay.cn的数据条数：0

2019-08-04, 获取到当前账号：weibo@zplay.cn的数据条数为：24

2019-08-04, 删除当前账号：weibo@zplay.cn的数据条数：0

2019-08-04, 获取到当前账号：weibo@zplay.cn的数据条数为：481

2019-08-04, 删除当前账号：weibo@zplay.cn的数据条数：0

2019-08-04, 获取到当前账号：weibo@zplay.cn的数据条数为：262

2019-08-04, 删除当前账号：weibo@zplay.cn的数据条数：0

2019-08-04, 获取到当前账号：weibo@zplay.cn的数据条数为：15

2019-08-04, 删除当前账号：weibo@zplay.cn的数据条数：0

2019-08-04, 获取到当前账号：weibo@zplay.cn的数据条数为：33

2019-08-04, 删除当前账号：weibo@zplay.cn的数据条数：0

2019-08-04, 获取到当前账号：weibo@zplay.cn的数据条数为：80

2019-08-04, 删除当前账号：weibo@zplay.cn的数据条数：0

2019-08-04, 获取到当前账号：weibo@zplay.cn的数据条数为：75

2019-08-04, 删除当前账号：weibo@zplay.cn的数据条数：75

2019-08-04, 获取到当前账号：weibo@zplay.cn的数据条数为：1

2019-08-04, 删除当前账号：weibo@zplay.cn的数据条数：1

2019-08-04, 获取到当前账号：weibo@zplay.cn的数据条数为：7

2019-08-04, 删除当前账号：weibo@zplay.cn的数据条数：7

2019-08-06, 获取到当前账号：weibo@zplay.cn的数据条数为：3

2019-08-06, 删除当前账号：weibo@zplay.cn的数据条数：3

2019-08-06, 获取到当前账号：weibo@zplay.cn的数据条数为：15

2019-08-06, 删除当前账号：weibo@zplay.cn的数据条数：15

2019-08-06, 获取到当前账号：weibo@zplay.cn的数据条数为：7

2019-08-06, 删除当前账号：weibo@zplay.cn的数据条数：7

2019-08-06, 获取到当前账号：weibo@zplay.cn的数据条数为：117

2019-08-06, 删除当前账号：weibo@zplay.cn的数据条数：0

2019-08-06, 获取到当前账号：weibo@zplay.cn的数据条数为：231

2019-08-06, 删除当前账号：weibo@zplay.cn的数据条数：230

2019-08-06, 获取到当前账号：weibo@zplay.cn的数据条数为：37

2019-08-06, 删除当前账号：weibo@zplay.cn的数据条数：35

2019-08-06, 获取到当前账号：weibo@zplay.cn的数据条数为：17

2019-08-06, 删除当前账号：weibo@zplay.cn的数据条数：16

2019-08-06, 获取到当前账号：weibo@zplay.cn的数据条数为：137

2019-08-06, 删除当前账号：weibo@zplay.cn的数据条数：133

2019-08-06, 获取到当前账号：weibo@zplay.cn的数据条数为：1

2019-08-06, 删除当前账号：weibo@zplay.cn的数据条数：1

2019-08-06, 获取到当前账号：weibo@zplay.cn的数据条数为：37

2019-08-06, 删除当前账号：weibo@zplay.cn的数据条数：37

2019-08-06, 获取到当前账号：weibo@zplay.cn的数据条数为：56

2019-08-06, 删除当前账号：weibo@zplay.cn的数据条数：56

2019-08-06, 获取到当前账号：weibo@zplay.cn的数据条数为：1026

2019-08-06, 删除当前账号：weibo@zplay.cn的数据条数：1011

2019-08-06, 获取到当前账号：weibo@zplay.cn的数据条数为：19

2019-08-06, 删除当前账号：weibo@zplay.cn的数据条数：16

2019-08-06, 获取到当前账号：weibo@zplay.cn的数据条数为：4

2019-08-06, 删除当前账号：weibo@zplay.cn的数据条数：4

2019-08-06, 获取到当前账号：weibo@zplay.cn的数据条数为：2

2019-08-06, 删除当前账号：weibo@zplay.cn的数据条数：2

2019-08-06, 获取到当前账号：weibo@zplay.cn的数据条数为：730

2019-08-06, 删除当前账号：weibo@zplay.cn的数据条数：716

2019-08-06, 获取到当前账号：weibo@zplay.cn的数据条数为：176

2019-08-06, 删除当前账号：weibo@zplay.cn的数据条数：174

2019-08-06, 获取到当前账号：weibo@zplay.cn的数据条数为：1

2019-08-06, 删除当前账号：weibo@zplay.cn的数据条数：1

2019-08-06, 获取到当前账号：weibo@zplay.cn的数据条数为：256

2019-08-06, 删除当前账号：weibo@zplay.cn的数据条数：250

2019-08-06, 获取到当前账号：weibo@zplay.cn的数据条数为：24

2019-08-06, 删除当前账号：weibo@zplay.cn的数据条数：24

2019-08-06, 获取到当前账号：weibo@zplay.cn的数据条数为：9

2019-08-06, 删除当前账号：weibo@zplay.cn的数据条数：9

2019-08-06, 获取到当前账号：weibo@zplay.cn的数据条数为：83

2019-08-06, 删除当前账号：weibo@zplay.cn的数据条数：81

2019-08-06, 获取到当前账号：weibo@zplay.cn的数据条数为：3

2019-08-06, 删除当前账号：weibo@zplay.cn的数据条数：2

2019-08-06, 获取到当前账号：weibo@zplay.cn的数据条数为：13

2019-08-06, 删除当前账号：weibo@zplay.cn的数据条数：13

2019-08-06, 获取到当前账号：weibo@zplay.cn的数据条数为：231

2019-08-06, 删除当前账号：weibo@zplay.cn的数据条数：224

2019-08-06, 获取到当前账号：weibo@zplay.cn的数据条数为：8

2019-08-06, 删除当前账号：weibo@zplay.cn的数据条数：8

2019-08-06, 获取到当前账号：weibo@zplay.cn的数据条数为：24

2019-08-06, 删除当前账号：weibo@zplay.cn的数据条数：22

2019-08-06, 获取到当前账号：weibo@zplay.cn的数据条数为：20

2019-08-06, 删除当前账号：weibo@zplay.cn的数据条数：16

2019-08-06, 获取到当前账号：weibo@zplay.cn的数据条数为：468

2019-08-06, 删除当前账号：weibo@zplay.cn的数据条数：466

2019-08-06, 获取到当前账号：weibo@zplay.cn的数据条数为：266

2019-08-06, 删除当前账号：weibo@zplay.cn的数据条数：260

2019-08-06, 获取到当前账号：weibo@zplay.cn的数据条数为：10

2019-08-06, 删除当前账号：weibo@zplay.cn的数据条数：8

2019-08-06, 获取到当前账号：weibo@zplay.cn的数据条数为：27

2019-08-06, 删除当前账号：weibo@zplay.cn的数据条数：25

2019-08-06, 获取到当前账号：weibo@zplay.cn的数据条数为：73

2019-08-06, 删除当前账号：weibo@zplay.cn的数据条数：73

2019-08-06, 获取到当前账号：weibo@zplay.cn的数据条数为：212

2019-08-06, 删除当前账号：weibo@zplay.cn的数据条数：210

2019-08-06, 获取到当前账号：weibo@zplay.cn的数据条数为：72

2019-08-06, 删除当前账号：weibo@zplay.cn的数据条数：72

2019-08-06, 获取到当前账号：weibo@zplay.cn的数据条数为：3

2019-08-06, 删除当前账号：weibo@zplay.cn的数据条数：3

2019-08-05, 获取到当前账号：weibo@zplay.cn的数据条数为：2

2019-08-05, 删除当前账号：weibo@zplay.cn的数据条数：0

2019-08-05, 获取到当前账号：weibo@zplay.cn的数据条数为：1

2019-08-05, 删除当前账号：weibo@zplay.cn的数据条数：0

2019-08-05, 获取到当前账号：weibo@zplay.cn的数据条数为：1

2019-08-05, 删除当前账号：weibo@zplay.cn的数据条数：0

2019-08-05, 获取到当前账号：weibo@zplay.cn的数据条数为：12

2019-08-05, 删除当前账号：weibo@zplay.cn的数据条数：0

2019-08-05, 获取到当前账号：weibo@zplay.cn的数据条数为：12

2019-08-05, 删除当前账号：weibo@zplay.cn的数据条数：0

2019-08-05, 获取到当前账号：weibo@zplay.cn的数据条数为：126

2019-08-05, 删除当前账号：weibo@zplay.cn的数据条数：0

2019-08-05, 获取到当前账号：weibo@zplay.cn的数据条数为：249

2019-08-05, 删除当前账号：weibo@zplay.cn的数据条数：0

2019-08-05, 获取到当前账号：weibo@zplay.cn的数据条数为：319

2019-08-05, 删除当前账号：weibo@zplay.cn的数据条数：0

2019-08-05, 获取到当前账号：weibo@zplay.cn的数据条数为：46

2019-08-05, 删除当前账号：weibo@zplay.cn的数据条数：0

2019-08-05, 获取到当前账号：weibo@zplay.cn的数据条数为：29

2019-08-05, 删除当前账号：weibo@zplay.cn的数据条数：0

2019-08-05, 获取到当前账号：weibo@zplay.cn的数据条数为：153

2019-08-05, 删除当前账号：weibo@zplay.cn的数据条数：0

2019-08-05, 获取到当前账号：weibo@zplay.cn的数据条数为：2

2019-08-05, 删除当前账号：weibo@zplay.cn的数据条数：0

2019-08-05, 获取到当前账号：weibo@zplay.cn的数据条数为：29

2019-08-05, 删除当前账号：weibo@zplay.cn的数据条数：0

2019-08-05, 获取到当前账号：weibo@zplay.cn的数据条数为：65

2019-08-05, 删除当前账号：weibo@zplay.cn的数据条数：0

2019-08-05, 获取到当前账号：weibo@zplay.cn的数据条数为：1033

2019-08-05, 删除当前账号：weibo@zplay.cn的数据条数：0

2019-08-05, 获取到当前账号：weibo@zplay.cn的数据条数为：18

2019-08-05, 删除当前账号：weibo@zplay.cn的数据条数：0

2019-08-05, 获取到当前账号：weibo@zplay.cn的数据条数为：4

2019-08-05, 删除当前账号：weibo@zplay.cn的数据条数：0

2019-08-05, 获取到当前账号：weibo@zplay.cn的数据条数为：2

2019-08-05, 删除当前账号：weibo@zplay.cn的数据条数：0

2019-08-05, 获取到当前账号：weibo@zplay.cn的数据条数为：2

2019-08-05, 删除当前账号：weibo@zplay.cn的数据条数：0

2019-08-05, 获取到当前账号：weibo@zplay.cn的数据条数为：732

2019-08-05, 删除当前账号：weibo@zplay.cn的数据条数：0

2019-08-05, 获取到当前账号：weibo@zplay.cn的数据条数为：174

2019-08-05, 删除当前账号：weibo@zplay.cn的数据条数：0

2019-08-05, 获取到当前账号：weibo@zplay.cn的数据条数为：1

2019-08-05, 删除当前账号：weibo@zplay.cn的数据条数：0

2019-08-05, 获取到当前账号：weibo@zplay.cn的数据条数为：35

2019-08-05, 删除当前账号：weibo@zplay.cn的数据条数：0

2019-08-05, 获取到当前账号：weibo@zplay.cn的数据条数为：12

2019-08-05, 删除当前账号：weibo@zplay.cn的数据条数：0

2019-08-05, 获取到当前账号：weibo@zplay.cn的数据条数为：82

2019-08-05, 删除当前账号：weibo@zplay.cn的数据条数：0

2019-08-05, 获取到当前账号：weibo@zplay.cn的数据条数为：1

2019-08-05, 删除当前账号：weibo@zplay.cn的数据条数：0

2019-08-05, 获取到当前账号：weibo@zplay.cn的数据条数为：3

2019-08-05, 删除当前账号：weibo@zplay.cn的数据条数：0

2019-08-05, 获取到当前账号：weibo@zplay.cn的数据条数为：24

2019-08-05, 删除当前账号：weibo@zplay.cn的数据条数：0

2019-08-05, 获取到当前账号：weibo@zplay.cn的数据条数为：248

2019-08-05, 删除当前账号：weibo@zplay.cn的数据条数：0

2019-08-05, 获取到当前账号：weibo@zplay.cn的数据条数为：3

2019-08-05, 删除当前账号：weibo@zplay.cn的数据条数：0

2019-08-05, 获取到当前账号：weibo@zplay.cn的数据条数为：10

2019-08-05, 删除当前账号：weibo@zplay.cn的数据条数：0

2019-08-05, 获取到当前账号：weibo@zplay.cn的数据条数为：37

2019-08-05, 删除当前账号：weibo@zplay.cn的数据条数：0

2019-08-05, 获取到当前账号：weibo@zplay.cn的数据条数为：16

2019-08-06, 获取到当前账号：weibo@zplay.cn的数据条数为：4

2019-08-06, 删除当前账号：weibo@zplay.cn的数据条数：3

2019-08-06, 获取到当前账号：weibo@zplay.cn的数据条数为：15

2019-08-06, 删除当前账号：weibo@zplay.cn的数据条数：15

2019-08-06, 获取到当前账号：weibo@zplay.cn的数据条数为：8

2019-08-06, 删除当前账号：weibo@zplay.cn的数据条数：7

2019-08-06, 获取到当前账号：weibo@zplay.cn的数据条数为：117

2019-08-06, 删除当前账号：weibo@zplay.cn的数据条数：117

2019-08-06, 获取到当前账号：weibo@zplay.cn的数据条数为：231

2019-08-06, 删除当前账号：weibo@zplay.cn的数据条数：231

2019-08-06, 获取到当前账号：weibo@zplay.cn的数据条数为：319

2019-08-06, 删除当前账号：weibo@zplay.cn的数据条数：314

2019-08-06, 获取到当前账号：weibo@zplay.cn的数据条数为：37

2019-08-06, 删除当前账号：weibo@zplay.cn的数据条数：37

2019-08-06, 获取到当前账号：weibo@zplay.cn的数据条数为：17

2019-08-06, 删除当前账号：weibo@zplay.cn的数据条数：17

2019-08-06, 获取到当前账号：weibo@zplay.cn的数据条数为：137

2019-08-06, 删除当前账号：weibo@zplay.cn的数据条数：137

2019-08-06, 获取到当前账号：weibo@zplay.cn的数据条数为：1

2019-08-06, 删除当前账号：weibo@zplay.cn的数据条数：1

2019-08-06, 获取到当前账号：weibo@zplay.cn的数据条数为：37

2019-08-06, 删除当前账号：weibo@zplay.cn的数据条数：37

2019-08-06, 获取到当前账号：weibo@zplay.cn的数据条数为：56

2019-08-06, 删除当前账号：weibo@zplay.cn的数据条数：56

2019-08-06, 获取到当前账号：weibo@zplay.cn的数据条数为：1026

2019-08-06, 删除当前账号：weibo@zplay.cn的数据条数：1026

2019-08-06, 获取到当前账号：weibo@zplay.cn的数据条数为：19

2019-08-06, 删除当前账号：weibo@zplay.cn的数据条数：19

2019-08-06, 获取到当前账号：weibo@zplay.cn的数据条数为：4

2019-08-06, 删除当前账号：weibo@zplay.cn的数据条数：4

2019-08-06, 获取到当前账号：weibo@zplay.cn的数据条数为：2

2019-08-06, 删除当前账号：weibo@zplay.cn的数据条数：2

2019-08-06, 获取到当前账号：weibo@zplay.cn的数据条数为：730

2019-08-06, 删除当前账号：weibo@zplay.cn的数据条数：730

2019-08-06, 获取到当前账号：weibo@zplay.cn的数据条数为：176

2019-08-06, 删除当前账号：weibo@zplay.cn的数据条数：176

2019-08-06, 获取到当前账号：weibo@zplay.cn的数据条数为：1

2019-08-06, 删除当前账号：weibo@zplay.cn的数据条数：1

2019-08-06, 获取到当前账号：weibo@zplay.cn的数据条数为：256

2019-08-06, 删除当前账号：weibo@zplay.cn的数据条数：256

2019-08-06, 获取到当前账号：weibo@zplay.cn的数据条数为：24

2019-08-06, 删除当前账号：weibo@zplay.cn的数据条数：24

2019-08-06, 获取到当前账号：weibo@zplay.cn的数据条数为：9

2019-08-06, 删除当前账号：weibo@zplay.cn的数据条数：9

2019-08-06, 获取到当前账号：weibo@zplay.cn的数据条数为：83

2019-08-06, 删除当前账号：weibo@zplay.cn的数据条数：83

2019-08-06, 获取到当前账号：weibo@zplay.cn的数据条数为：3

2019-08-06, 删除当前账号：weibo@zplay.cn的数据条数：3

2019-08-06, 获取到当前账号：weibo@zplay.cn的数据条数为：13

2019-08-06, 删除当前账号：weibo@zplay.cn的数据条数：13

2019-08-06, 获取到当前账号：weibo@zplay.cn的数据条数为：231

2019-08-06, 删除当前账号：weibo@zplay.cn的数据条数：231

2019-08-06, 获取到当前账号：weibo@zplay.cn的数据条数为：8

2019-08-06, 删除当前账号：weibo@zplay.cn的数据条数：8

2019-08-06, 获取到当前账号：weibo@zplay.cn的数据条数为：889

2019-08-06, 删除当前账号：weibo@zplay.cn的数据条数：878

2019-08-06, 获取到当前账号：weibo@zplay.cn的数据条数为：24

2019-08-06, 删除当前账号：weibo@zplay.cn的数据条数：24

2019-08-06, 获取到当前账号：weibo@zplay.cn的数据条数为：20

2019-08-06, 删除当前账号：weibo@zplay.cn的数据条数：20

2019-08-06, 获取到当前账号：weibo@zplay.cn的数据条数为：468

2019-08-06, 删除当前账号：weibo@zplay.cn的数据条数：468

2019-08-06, 获取到当前账号：weibo@zplay.cn的数据条数为：266

2019-08-06, 删除当前账号：weibo@zplay.cn的数据条数：266

2019-08-06, 获取到当前账号：weibo@zplay.cn的数据条数为：10

2019-08-06, 删除当前账号：weibo@zplay.cn的数据条数：10

2019-08-06, 获取到当前账号：weibo@zplay.cn的数据条数为：27

2019-08-06, 删除当前账号：weibo@zplay.cn的数据条数：27

2019-08-06, 获取到当前账号：weibo@zplay.cn的数据条数为：73

2019-08-06, 删除当前账号：weibo@zplay.cn的数据条数：73

2019-08-06, 获取到当前账号：weibo@zplay.cn的数据条数为：72

2019-08-06, 删除当前账号：weibo@zplay.cn的数据条数：72

2019-08-06, 获取到当前账号：weibo@zplay.cn的数据条数为：3

2019-08-06, 删除当前账号：weibo@zplay.cn的数据条数：3

