account: weibo@zplay.cn; url: https://api.smaato.com/v1/reporting/

account: weibo@zplay.cn; url: https://api.smaato.com/v1/reporting/

2019-07-02, 获取到当前账号：weibo@zplay.cn的数据条数为：160

2019-07-02, 删除当前账号：weibo@zplay.cn的数据条数：0

2019-07-02, Smaato接口,账号weibo@zplay.cn获取数据完成。2019-07-03 12:24:42

account: yanxiaoyu@zplay.cn; url: https://api.smaato.com/v1/reporting/

2019-07-02, 获取到当前账号：yanxiaoyu@zplay.cn的数据条数为：3

2019-07-02, 删除当前账号：yanxiaoyu@zplay.cn的数据条数：0

2019-07-02, Smaato接口,账号yanxiaoyu@zplay.cn获取数据完成。2019-07-03 12:24:44

account: global@yumimobi.com; url: https://api.smaato.com/v1/reporting/

2019-07-02, 获取到当前账号：global@yumimobi.com的数据条数为：34

2019-07-02, 删除当前账号：global@yumimobi.com的数据条数：0

2019-07-02, Smaato接口,账号global@yumimobi.com获取数据完成。2019-07-03 12:24:46

account: weibo@zplay.cn; url: https://api.smaato.com/v1/reporting/

2019-06-30, 获取到当前账号：weibo@zplay.cn的数据条数为：161

2019-06-30, 删除当前账号：weibo@zplay.cn的数据条数：0

2019-06-30, Smaato接口,账号weibo@zplay.cn获取数据完成。2019-07-03 12:38:39

account: yanxiaoyu@zplay.cn; url: https://api.smaato.com/v1/reporting/

account: global@yumimobi.com; url: https://api.smaato.com/v1/reporting/

2019-06-30, 获取到当前账号：global@yumimobi.com的数据条数为：38

2019-06-30, 删除当前账号：global@yumimobi.com的数据条数：0

2019-06-30, Smaato接口,账号global@yumimobi.com获取数据完成。2019-07-03 12:40:07

account: weibo@zplay.cn; url: https://api.smaato.com/v1/reporting/

2019-06-30, 获取到当前账号：weibo@zplay.cn的数据条数为：161

2019-06-30, 删除当前账号：weibo@zplay.cn的数据条数：161

2019-06-30, Smaato接口,账号weibo@zplay.cn获取数据完成。2019-07-03 14:02:47

account: yanxiaoyu@zplay.cn; url: https://api.smaato.com/v1/reporting/

2019-06-30, 获取到当前账号：yanxiaoyu@zplay.cn的数据条数为：5

2019-06-30, 删除当前账号：yanxiaoyu@zplay.cn的数据条数：0

2019-06-30, Smaato接口,账号yanxiaoyu@zplay.cn获取数据完成。2019-07-03 14:02:48

account: global@yumimobi.com; url: https://api.smaato.com/v1/reporting/

2019-06-30, 获取到当前账号：global@yumimobi.com的数据条数为：38

2019-06-30, 删除当前账号：global@yumimobi.com的数据条数：38

2019-06-30, Smaato接口,账号global@yumimobi.com获取数据完成。2019-07-03 14:04:01

account: weibo@zplay.cn; url: https://api.smaato.com/v1/reporting/

2019-05-21, 获取到当前账号：weibo@zplay.cn的数据条数为：212

2019-05-21, 删除当前账号：weibo@zplay.cn的数据条数：0

2019-05-21, Smaato接口,账号weibo@zplay.cn获取数据完成。2019-07-10 11:10:52

account: yanxiaoyu@zplay.cn; url: https://api.smaato.com/v1/reporting/

account: global@yumimobi.com; url: https://api.smaato.com/v1/reporting/

2019-05-21, 获取到当前账号：global@yumimobi.com的数据条数为：41

2019-05-21, 删除当前账号：global@yumimobi.com的数据条数：0

2019-05-21, Smaato接口,账号global@yumimobi.com获取数据完成。2019-07-10 11:13:46

